#
# A fatal error has been detected by the Java Runtime Environment:
#
#  EXCEPTION_ACCESS_VIOLATION (0xc0000005) at pc=0x00007ffeac51c6d9, pid=5060, tid=0x0000000000004840
#
# JRE version: Java(TM) SE Runtime Environment (8.0_301-b09) (build 1.8.0_301-b09)
# Java VM: Java HotSpot(TM) 64-Bit Server VM (25.301-b09 mixed mode windows-amd64 compressed oops)
# Problematic frame:
# C  [ig11icd64.dll+0x56c6d9]
#
# Failed to write core dump. Minidumps are not enabled by default on client versions of Windows
#
# If you would like to submit a bug report, please visit:
#   http://bugreport.java.com/bugreport/crash.jsp
#

---------------  T H R E A D  ---------------

Current thread (0x00000217c5a22800):  VMThread [stack: 0x0000009bea900000,0x0000009beaa00000] [id=18496]

siginfo: ExceptionCode=0xc0000005, reading address 0x00000000000352f8

Registers:
RAX=0x00000217d1191a40, RBX=0x00000217d11918e0, RCX=0x0000000000000000, RDX=0x00000217d11919c0
RSP=0x0000009bea9feb20, RBP=0x00000217cb300e70, RSI=0x00000217d1191e08, RDI=0x00000217ca9e1f30
R8 =0x0000000000000014, R9 =0x0000000000000000, R10=0x0000000000000000, R11=0x0000000000000246
R12=0x0000000000000000, R13=0x0000000000000000, R14=0x0000000000000000, R15=0x0000000000000000
RIP=0x00007ffeac51c6d9, EFLAGS=0x0000000000010202

Top of Stack: (sp=0x0000009bea9feb20)
0x0000009bea9feb20:   00000217ca8f9f80 0000009bea9feb60
0x0000009bea9feb30:   0000009bea9feb68 0000005400000000
0x0000009bea9feb40:   00007ffeacf085e0 0000000000000032
0x0000009bea9feb50:   00000217cb2a9f90 0000000000000098
0x0000009bea9feb60:   0000000000000000 00007ffeac4fdbc2
0x0000009bea9feb70:   00000217ca8f9f80 00000217ca9e1f30
0x0000009bea9feb80:   0000009bea9fec70 0000000000000000
0x0000009bea9feb90:   0000000000000698 0000000000000000
0x0000009bea9feba0:   0000000000000000 0000000000000000
0x0000009bea9febb0:   0000000000000000 0000000000000000
0x0000009bea9febc0:   0000000000000000 0000000000000000
0x0000009bea9febd0:   0000000000000000 0000000000000000
0x0000009bea9febe0:   0000000000000000 0000000000000000
0x0000009bea9febf0:   0000000000000000 00000000b200ed5f
0x0000009bea9fec00:   0000000000020000 0000009b02000002
0x0000009bea9fec10:   0000b802003c0000 0000000000000698 

Instructions: (pc=0x00007ffeac51c6d9)
0x00007ffeac51c6b9:   1d 8b c1 83 e0 0f 48 c1 e0 06 48 03 c2 48 85 c0
0x00007ffeac51c6c9:   74 0c 48 8b 48 08 eb 08 48 83 c0 08 eb ef 33 c9
0x00007ffeac51c6d9:   49 3b 8e f8 52 03 00 76 6b 48 8b 87 80 02 00 00
0x00007ffeac51c6e9:   48 89 06 48 89 9f 80 02 00 00 ff 87 88 02 00 00 


Register to memory mapping:

RAX=0x00000217d1191a40 is an unknown value
RBX=0x00000217d11918e0 is an unknown value
RCX=0x0000000000000000 is an unknown value
RDX=0x00000217d11919c0 is an unknown value
RSP=0x0000009bea9feb20 is an unknown value
RBP=0x00000217cb300e70 is an unknown value
RSI=0x00000217d1191e08 is an unknown value
RDI=0x00000217ca9e1f30 is an unknown value
R8 =0x0000000000000014 is an unknown value
R9 =0x0000000000000000 is an unknown value
R10=0x0000000000000000 is an unknown value
R11=0x0000000000000246 is an unknown value
R12=0x0000000000000000 is an unknown value
R13=0x0000000000000000 is an unknown value
R14=0x0000000000000000 is an unknown value
R15=0x0000000000000000 is an unknown value


Stack: [0x0000009bea900000,0x0000009beaa00000],  sp=0x0000009bea9feb20,  free space=1018k
Native frames: (J=compiled Java code, j=interpreted, Vv=VM code, C=native code)
C  [ig11icd64.dll+0x56c6d9]
C  [ig11icd64.dll+0x54dbc2]
C  [ig11icd64.dll+0x645291]
C  [ig11icd64.dll+0x5aabb0]
C  [ig11icd64.dll+0x641e22]
C  [ig11icd64.dll+0x641fbd]
C  [ig11icd64.dll+0x5492a9]
C  [ig11icd64.dll+0x549129]
C  [ig11icd64.dll+0x4fe1bb]
C  [ntdll.dll+0x19a1d]
C  [ntdll.dll+0x5db91]
C  [ntdll.dll+0x5da2d]
C  [KERNEL32.DLL+0x1e0ab]
C  [ucrtbase.dll+0x205bc]
C  [ucrtbase.dll+0x2045f]
V  [jvm.dll+0x20a8f5]
V  [jvm.dll+0x2455f6]
V  [jvm.dll+0x245b57]
V  [jvm.dll+0x2442c5]
V  [jvm.dll+0x244a3c]
V  [jvm.dll+0x244d4c]
V  [jvm.dll+0x2923dc]
C  [ucrtbase.dll+0x21bb2]
C  [KERNEL32.DLL+0x17034]
C  [ntdll.dll+0x52651]

VM_Operation (0x0000009bec0ff390): Exit, mode: safepoint, requested by thread 0x00000217d130e800


---------------  P R O C E S S  ---------------

Java Threads: ( => current thread )
  0x00000217d130e800 JavaThread "SIGINT handler" daemon [_thread_blocked, id=8380, stack(0x0000009bec000000,0x0000009bec100000)]
  0x00000217a1bc6800 JavaThread "DestroyJavaVM" [_thread_blocked, id=13140, stack(0x0000009bea000000,0x0000009bea100000)]
  0x00000217caea0000 JavaThread "AWT-EventQueue-0" [_thread_blocked, id=6532, stack(0x0000009bebe00000,0x0000009bebf00000)]
  0x00000217cae0b800 JavaThread "AWT-Shutdown" [_thread_blocked, id=7844, stack(0x0000009beb800000,0x0000009beb900000)]
  0x00000217cb1ac000 JavaThread "main-FPSAWTAnimator#00-Timer0" [_thread_blocked, id=13348, stack(0x0000009beb600000,0x0000009beb700000)]
  0x00000217c8233800 JavaThread "Java2D Disposer" daemon [_thread_blocked, id=17332, stack(0x0000009beb500000,0x0000009beb600000)]
  0x00000217c7ec6000 JavaThread "Service Thread" daemon [_thread_blocked, id=12116, stack(0x0000009beb300000,0x0000009beb400000)]
  0x00000217c7e25800 JavaThread "C1 CompilerThread3" daemon [_thread_blocked, id=14816, stack(0x0000009beb200000,0x0000009beb300000)]
  0x00000217c7e20800 JavaThread "C2 CompilerThread2" daemon [_thread_blocked, id=20660, stack(0x0000009beb100000,0x0000009beb200000)]
  0x00000217c7e1f800 JavaThread "C2 CompilerThread1" daemon [_thread_blocked, id=19144, stack(0x0000009beb000000,0x0000009beb100000)]
  0x00000217c7e1c000 JavaThread "C2 CompilerThread0" daemon [_thread_blocked, id=15864, stack(0x0000009beaf00000,0x0000009beb000000)]
  0x00000217c7e1a800 JavaThread "Monitor Ctrl-Break" daemon [_thread_in_native, id=16020, stack(0x0000009beae00000,0x0000009beaf00000)]
  0x00000217c5a7a000 JavaThread "Attach Listener" daemon [_thread_blocked, id=20816, stack(0x0000009bead00000,0x0000009beae00000)]
  0x00000217c5a54000 JavaThread "Finalizer" daemon [_thread_blocked, id=19076, stack(0x0000009beab00000,0x0000009beac00000)]
  0x00000217c5a4d000 JavaThread "Reference Handler" daemon [_thread_blocked, id=12284, stack(0x0000009beaa00000,0x0000009beab00000)]

Other Threads:
=>0x00000217c5a22800 VMThread [stack: 0x0000009bea900000,0x0000009beaa00000] [id=18496]

VM state:at safepoint (shutting down)

VM Mutex/Monitor currently owned by a thread:  ([mutex/lock_event])
[0x00000217a1bc5340] Threads_lock - owner thread: 0x00000217c5a22800

heap address: 0x00000005c6600000, size: 8090 MB, Compressed Oops mode: Zero based, Oop shift amount: 3
Narrow klass base: 0x0000000000000000, Narrow klass shift: 3
Compressed class space size: 1073741824 Address: 0x00000007c0000000

Heap:
 PSYoungGen      total 151040K, used 121477K [0x0000000717780000, 0x0000000729e80000, 0x00000007c0000000)
  eden space 129536K, 77% used [0x0000000717780000,0x000000071d921838,0x000000071f600000)
  from space 21504K, 99% used [0x000000071f600000,0x0000000720affd68,0x0000000720b00000)
  to   space 21504K, 0% used [0x0000000728980000,0x0000000728980000,0x0000000729e80000)
 ParOldGen       total 345600K, used 39952K [0x00000005c6600000, 0x00000005db780000, 0x0000000717780000)
  object space 345600K, 11% used [0x00000005c6600000,0x00000005c8d040b0,0x00000005db780000)
 Metaspace       used 16974K, capacity 17180K, committed 17536K, reserved 1064960K
  class space    used 1778K, capacity 1853K, committed 1920K, reserved 1048576K

Card table byte_map: [0x00000217b28f0000,0x00000217b38c0000] byte_map_base: 0x00000217afabd000

Marking Bits: (ParMarkBitMap*) 0x0000000056cc7fe0
 Begin Bits: [0x00000217b4350000, 0x00000217bc1b8000)
 End Bits:   [0x00000217bc1b8000, 0x00000217c4020000)

Polling page: 0x00000217a1b50000

CodeCache: size=245760Kb used=4015Kb max_used=4037Kb free=241744Kb
 bounds [0x00000217a3530000, 0x00000217a3930000, 0x00000217b2530000]
 total_blobs=1759 nmethods=930 adapters=742
 compilation: enabled

Compilation events (10 events):
Event: 2.936 Thread 0x00000217c7e1c000 nmethod 927 0x00000217a3918b10 code [0x00000217a3918d20, 0x00000217a391a220]
Event: 2.938 Thread 0x00000217c7e25800  928       3       java.io.BufferedInputStream::fill (233 bytes)
Event: 2.939 Thread 0x00000217c7e25800 nmethod 928 0x00000217a3914850 code [0x00000217a3914ac0, 0x00000217a39159e0]
Event: 2.942 Thread 0x00000217c7e25800  929       3       java.util.ArrayList::<init> (12 bytes)
Event: 2.943 Thread 0x00000217c7e25800 nmethod 929 0x00000217a3904710 code [0x00000217a3904880, 0x00000217a3904b18]
Event: 2.960 Thread 0x00000217c7e25800  930       3       java.util.jar.Attributes$Name::equals (39 bytes)
Event: 2.960 Thread 0x00000217c7e25800 nmethod 930 0x00000217a3903f90 code [0x00000217a3904120, 0x00000217a39045d0]
Event: 2.960 Thread 0x00000217c7e25800  931       3       sun.misc.ASCIICaseInsensitiveComparator::compare (13 bytes)
Event: 2.960 Thread 0x00000217c7e25800 nmethod 931 0x00000217a3914290 code [0x00000217a3914400, 0x00000217a3914770]
Event: 2.975 Thread 0x00000217c7e1f800 nmethod 926 0x00000217a39203d0 code [0x00000217a39206c0, 0x00000217a3923318]

GC Heap History (2 events):
Event: 2.745 GC heap before
{Heap before GC invocations=1 (full 0):
 PSYoungGen      total 151040K, used 129536K [0x0000000717780000, 0x0000000722000000, 0x00000007c0000000)
  eden space 129536K, 100% used [0x0000000717780000,0x000000071f600000,0x000000071f600000)
  from space 21504K, 0% used [0x0000000720b00000,0x0000000720b00000,0x0000000722000000)
  to   space 21504K, 0% used [0x000000071f600000,0x000000071f600000,0x0000000720b00000)
 ParOldGen       total 345600K, used 0K [0x00000005c6600000, 0x00000005db780000, 0x0000000717780000)
  object space 345600K, 0% used [0x00000005c6600000,0x00000005c6600000,0x00000005db780000)
 Metaspace       used 16908K, capacity 17116K, committed 17536K, reserved 1064960K
  class space    used 1775K, capacity 1853K, committed 1920K, reserved 1048576K
Event: 2.782 GC heap after
Heap after GC invocations=1 (full 0):
 PSYoungGen      total 151040K, used 21503K [0x0000000717780000, 0x0000000729e80000, 0x00000007c0000000)
  eden space 129536K, 0% used [0x0000000717780000,0x0000000717780000,0x000000071f600000)
  from space 21504K, 99% used [0x000000071f600000,0x0000000720affd68,0x0000000720b00000)
  to   space 21504K, 0% used [0x0000000728980000,0x0000000728980000,0x0000000729e80000)
 ParOldGen       total 345600K, used 39952K [0x00000005c6600000, 0x00000005db780000, 0x0000000717780000)
  object space 345600K, 11% used [0x00000005c6600000,0x00000005c8d040b0,0x00000005db780000)
 Metaspace       used 16908K, capacity 17116K, committed 17536K, reserved 1064960K
  class space    used 1775K, capacity 1853K, committed 1920K, reserved 1048576K
}

Deoptimization events (7 events):
Event: 0.661 Thread 0x00000217a1bc6800 Uncommon trap: reason=unstable_if action=reinterpret pc=0x00000217a36ff724 method=java.lang.String.indexOf([CII[CIII)I @ 3
Event: 2.363 Thread 0x00000217a1bc6800 Uncommon trap: reason=unstable_if action=reinterpret pc=0x00000217a3844f74 method=java.lang.reflect.AccessibleObject.setAccessible0(Ljava/lang/reflect/AccessibleObject;Z)V @ 4
Event: 2.886 Thread 0x00000217caea0000 Uncommon trap: reason=unstable_if action=reinterpret pc=0x00000217a390d860 method=jogamp.opengl.util.jpeg.JPEGDecoder$Decoder.decodeScan(Ljogamp/opengl/util/jpeg/JPEGDecoder$Frame;Ljava/util/ArrayList;IIIII)I @ 339
Event: 2.906 Thread 0x00000217caea0000 Uncommon trap: reason=class_check action=maybe_recompile pc=0x00000217a39025f8 method=jogamp.opengl.util.jpeg.JPEGDecoder$Decoder.decodeBlock(Ljogamp/opengl/util/jpeg/JPEGDecoder$ComponentIn;Ljogamp/opengl/util/jpeg/JPEGDecoder$DecoderFunction;I)V @ 28
Event: 2.906 Thread 0x00000217caea0000 Uncommon trap: reason=class_check action=maybe_recompile pc=0x00000217a39025f8 method=jogamp.opengl.util.jpeg.JPEGDecoder$Decoder.decodeBlock(Ljogamp/opengl/util/jpeg/JPEGDecoder$ComponentIn;Ljogamp/opengl/util/jpeg/JPEGDecoder$DecoderFunction;I)V @ 28
Event: 2.906 Thread 0x00000217caea0000 Uncommon trap: reason=class_check action=maybe_recompile pc=0x00000217a39025f8 method=jogamp.opengl.util.jpeg.JPEGDecoder$Decoder.decodeBlock(Ljogamp/opengl/util/jpeg/JPEGDecoder$ComponentIn;Ljogamp/opengl/util/jpeg/JPEGDecoder$DecoderFunction;I)V @ 28
Event: 2.906 Thread 0x00000217caea0000 Uncommon trap: reason=class_check action=maybe_recompile pc=0x00000217a39025f8 method=jogamp.opengl.util.jpeg.JPEGDecoder$Decoder.decodeBlock(Ljogamp/opengl/util/jpeg/JPEGDecoder$ComponentIn;Ljogamp/opengl/util/jpeg/JPEGDecoder$DecoderFunction;I)V @ 28

Classes redefined (0 events):
No events

Internal exceptions (10 events):
Event: 0.367 Thread 0x00000217a1bc6800 Exception <a 'java/security/PrivilegedActionException'> (0x0000000717ff92e0) thrown at [C:\jenkins\workspace\8-2-build-windows-amd64-cygwin\jdk8u301\1513\hotspot\src\share\vm\prims\jvm.cpp, line 1523]
Event: 0.367 Thread 0x00000217a1bc6800 Exception <a 'java/security/PrivilegedActionException'> (0x0000000717ff94f0) thrown at [C:\jenkins\workspace\8-2-build-windows-amd64-cygwin\jdk8u301\1513\hotspot\src\share\vm\prims\jvm.cpp, line 1523]
Event: 0.368 Thread 0x00000217a1bc6800 Exception <a 'java/security/PrivilegedActionException'> (0x0000000717ffd400) thrown at [C:\jenkins\workspace\8-2-build-windows-amd64-cygwin\jdk8u301\1513\hotspot\src\share\vm\prims\jvm.cpp, line 1523]
Event: 0.368 Thread 0x00000217a1bc6800 Exception <a 'java/security/PrivilegedActionException'> (0x0000000717ffd610) thrown at [C:\jenkins\workspace\8-2-build-windows-amd64-cygwin\jdk8u301\1513\hotspot\src\share\vm\prims\jvm.cpp, line 1523]
Event: 0.377 Thread 0x00000217a1bc6800 Exception <a 'java/io/FileNotFoundException'> (0x000000071801b9f8) thrown at [C:\jenkins\workspace\8-2-build-windows-amd64-cygwin\jdk8u301\1513\hotspot\src\share\vm\prims\jni.cpp, line 710]
Event: 0.425 Thread 0x00000217a1bc6800 Exception <a 'java/lang/NoSuchFieldError': method resolution failed> (0x000000071814b688) thrown at [C:\jenkins\workspace\8-2-build-windows-amd64-cygwin\jdk8u301\1513\hotspot\src\share\vm\prims\methodHandles.cpp, line 1169]
Event: 0.427 Thread 0x00000217a1bc6800 Exception <a 'java/lang/NoSuchFieldError': method resolution failed> (0x0000000718159500) thrown at [C:\jenkins\workspace\8-2-build-windows-amd64-cygwin\jdk8u301\1513\hotspot\src\share\vm\prims\methodHandles.cpp, line 1169]
Event: 0.484 Thread 0x00000217a1bc6800 Exception <a 'java/io/FileNotFoundException'> (0x00000007182d9ad8) thrown at [C:\jenkins\workspace\8-2-build-windows-amd64-cygwin\jdk8u301\1513\hotspot\src\share\vm\prims\jni.cpp, line 710]
Event: 1.041 Thread 0x00000217a1bc6800 Exception <a 'java/io/FileNotFoundException'> (0x0000000718a46e88) thrown at [C:\jenkins\workspace\8-2-build-windows-amd64-cygwin\jdk8u301\1513\hotspot\src\share\vm\prims\jni.cpp, line 710]
Event: 2.430 Thread 0x00000217a1bc6800 Exception <a 'java/lang/reflect/InvocationTargetException'> (0x000000071b5c2420) thrown at [C:\jenkins\workspace\8-2-build-windows-amd64-cygwin\jdk8u301\1513\hotspot\src\share\vm\runtime\reflection.cpp, line 1092]

Events (10 events):
Event: 2.960 loading class jogamp/opengl/egl/EGLDisplayUtil done
Event: 2.961 loading class com/jogamp/nativewindow/egl/EGLGraphicsDevice$EGLDisplayLifecycleCallback
Event: 2.961 loading class com/jogamp/nativewindow/egl/EGLGraphicsDevice$EGLDisplayLifecycleCallback done
Event: 2.962 loading class jogamp/opengl/egl/EGLDisplayUtil$1
Event: 2.962 loading class jogamp/opengl/egl/EGLDisplayUtil$1 done
Event: 2.962 Thread 0x00000217d12c5800 Thread exited: 0x00000217d12c5800
Event: 2.972 Thread 0x00000217c8235000 Thread exited: 0x00000217c8235000
Event: 3.051 Thread 0x00000217d16bb000 Thread exited: 0x00000217d16bb000
Event: 3.051 Thread 0x00000217c5a77000 Thread exited: 0x00000217c5a77000
Event: 3.051 Executing VM operation: Exit


Dynamic libraries:
0x00007ff748990000 - 0x00007ff7489d7000 	C:\Program Files\Java\jdk1.8.0_301\bin\java.exe
0x00007fff42d90000 - 0x00007fff42f85000 	C:\WINDOWS\SYSTEM32\ntdll.dll
0x00007fff42670000 - 0x00007fff4272e000 	C:\WINDOWS\System32\KERNEL32.DLL
0x00007fff40950000 - 0x00007fff40c18000 	C:\WINDOWS\System32\KERNELBASE.dll
0x00007fff40de0000 - 0x00007fff40e8c000 	C:\WINDOWS\System32\ADVAPI32.dll
0x00007fff42260000 - 0x00007fff422fe000 	C:\WINDOWS\System32\msvcrt.dll
0x00007fff41fa0000 - 0x00007fff4203b000 	C:\WINDOWS\System32\sechost.dll
0x00007fff42110000 - 0x00007fff4223a000 	C:\WINDOWS\System32\RPCRT4.dll
0x00007fff41d60000 - 0x00007fff41f01000 	C:\WINDOWS\System32\USER32.dll
0x00007fff40d20000 - 0x00007fff40d42000 	C:\WINDOWS\System32\win32u.dll
0x00007fff423b0000 - 0x00007fff423db000 	C:\WINDOWS\System32\GDI32.dll
0x00007fff404b0000 - 0x00007fff405bb000 	C:\WINDOWS\System32\gdi32full.dll
0x00007fff40850000 - 0x00007fff408ed000 	C:\WINDOWS\System32\msvcp_win.dll
0x00007fff40c20000 - 0x00007fff40d20000 	C:\WINDOWS\System32\ucrtbase.dll
0x00007fff3f8b0000 - 0x00007fff3fb4a000 	C:\WINDOWS\WinSxS\amd64_microsoft.windows.common-controls_6595b64144ccf1df_6.0.19041.1110_none_60b5254171f9507e\COMCTL32.dll
0x00007fff42840000 - 0x00007fff42870000 	C:\WINDOWS\System32\IMM32.DLL
0x00007fff3c8d0000 - 0x00007fff3c8e5000 	C:\Program Files\Java\jdk1.8.0_301\jre\bin\vcruntime140.dll
0x00007fff1aa20000 - 0x00007fff1aabb000 	C:\Program Files\Java\jdk1.8.0_301\jre\bin\msvcp140.dll
0x00000000564e0000 - 0x0000000056d40000 	C:\Program Files\Java\jdk1.8.0_301\jre\bin\server\jvm.dll
0x00007fff42250000 - 0x00007fff42258000 	C:\WINDOWS\System32\PSAPI.DLL
0x00007fff2aec0000 - 0x00007fff2aee7000 	C:\WINDOWS\SYSTEM32\WINMM.dll
0x00007fff3a830000 - 0x00007fff3a839000 	C:\WINDOWS\SYSTEM32\WSOCK32.dll
0x00007fff3df10000 - 0x00007fff3df1a000 	C:\WINDOWS\SYSTEM32\VERSION.dll
0x00007fff420a0000 - 0x00007fff4210b000 	C:\WINDOWS\System32\WS2_32.dll
0x00007fff3def0000 - 0x00007fff3df02000 	C:\WINDOWS\SYSTEM32\kernel.appcore.dll
0x00007fff3e3b0000 - 0x00007fff3e3c0000 	C:\Program Files\Java\jdk1.8.0_301\jre\bin\verify.dll
0x00007fff21380000 - 0x00007fff213ab000 	C:\Program Files\Java\jdk1.8.0_301\jre\bin\java.dll
0x00007fff1bf60000 - 0x00007fff1bf90000 	C:\Program Files\Java\jdk1.8.0_301\jre\bin\instrument.dll
0x00007fff3a800000 - 0x00007fff3a818000 	C:\Program Files\Java\jdk1.8.0_301\jre\bin\zip.dll
0x00007fff41210000 - 0x00007fff4194f000 	C:\WINDOWS\System32\SHELL32.dll
0x00007fff3cec0000 - 0x00007fff3d650000 	C:\WINDOWS\SYSTEM32\windows.storage.dll
0x00007fff40e90000 - 0x00007fff411e5000 	C:\WINDOWS\System32\combase.dll
0x00007fff3f810000 - 0x00007fff3f83e000 	C:\WINDOWS\SYSTEM32\Wldp.dll
0x00007fff42790000 - 0x00007fff4283d000 	C:\WINDOWS\System32\SHCORE.dll
0x00007fff42040000 - 0x00007fff42095000 	C:\WINDOWS\System32\shlwapi.dll
0x00007fff403f0000 - 0x00007fff4040f000 	C:\WINDOWS\SYSTEM32\profapi.dll
0x00007fff1c290000 - 0x00007fff1c2aa000 	C:\Program Files\JetBrains\IntelliJ IDEA 2021.2.3\bin\breakgen64.dll
0x00007fff21620000 - 0x00007fff2163c000 	C:\Program Files\Java\jdk1.8.0_301\jre\bin\net.dll
0x00007fff3f730000 - 0x00007fff3f79a000 	C:\WINDOWS\system32\mswsock.dll
0x00007ffeff5d0000 - 0x00007ffeff765000 	C:\Program Files\Java\jdk1.8.0_301\jre\bin\awt.dll
0x00007fff41950000 - 0x00007fff41a1d000 	C:\WINDOWS\System32\OLEAUT32.dll
0x00007fff3cb70000 - 0x00007fff3cc00000 	C:\WINDOWS\SYSTEM32\apphelp.dll
0x00007fff3d820000 - 0x00007fff3d84f000 	C:\WINDOWS\system32\DWMAPI.DLL
0x00007fff3d6e0000 - 0x00007fff3d77e000 	C:\WINDOWS\system32\uxtheme.dll
0x00007fff11670000 - 0x00007fff11795000 	C:\WINDOWS\system32\opengl32.dll
0x00007fff11640000 - 0x00007fff1166c000 	C:\WINDOWS\SYSTEM32\GLU32.dll
0x00007fff41b10000 - 0x00007fff41c25000 	C:\WINDOWS\System32\MSCTF.dll
0x00007fff41c30000 - 0x00007fff41d5a000 	C:\WINDOWS\System32\ole32.dll
0x00007fff40d50000 - 0x00007fff40dd3000 	C:\WINDOWS\System32\bcryptPrimitives.dll
0x00007fff40230000 - 0x00007fff40248000 	C:\WINDOWS\SYSTEM32\CRYPTSP.dll
0x00007fff3eee0000 - 0x00007fff3ef14000 	C:\WINDOWS\system32\rsaenh.dll
0x00007fff40820000 - 0x00007fff40847000 	C:\WINDOWS\System32\bcrypt.dll
0x00007fff403b0000 - 0x00007fff403de000 	C:\WINDOWS\SYSTEM32\USERENV.dll
0x00007fff3f650000 - 0x00007fff3f65c000 	C:\WINDOWS\SYSTEM32\CRYPTBASE.dll
0x00007fff3f4a0000 - 0x00007fff3f4db000 	C:\WINDOWS\SYSTEM32\IPHLPAPI.DLL
0x00007fff41f90000 - 0x00007fff41f98000 	C:\WINDOWS\System32\NSI.dll
0x00007fff32df0000 - 0x00007fff32e07000 	C:\WINDOWS\SYSTEM32\dhcpcsvc6.DLL
0x00007fff33040000 - 0x00007fff3305d000 	C:\WINDOWS\SYSTEM32\dhcpcsvc.DLL
0x00007fff3f220000 - 0x00007fff3f2eb000 	C:\WINDOWS\SYSTEM32\DNSAPI.dll
0x00007fff1f1b0000 - 0x00007fff1f1c3000 	C:\Program Files\Java\jdk1.8.0_301\jre\bin\nio.dll
0x00000000637c0000 - 0x00000000637cd000 	C:\Users\Bobby Williams\AppData\Local\Temp\jogamp_0000\file_cache\jln3418700581370692234\jln8003809246716560098\natives\windows-amd64\gluegen-rt.dll
0x00007fff3db90000 - 0x00007fff3db97000 	C:\Program Files\Java\jdk1.8.0_301\jre\bin\jawt.dll
0x000000006a440000 - 0x000000006a44d000 	C:\Users\Bobby Williams\AppData\Local\Temp\jogamp_0000\file_cache\jln3418700581370692234\jln8003809246716560098\natives\windows-amd64\nativewindow_awt.dll
0x000000006c100000 - 0x000000006c10f000 	C:\Users\Bobby Williams\AppData\Local\Temp\jogamp_0000\file_cache\jln3418700581370692234\jln8003809246716560098\natives\windows-amd64\nativewindow_win32.dll
0x0000000064500000 - 0x00000000645b1000 	C:\Users\Bobby Williams\AppData\Local\Temp\jogamp_0000\file_cache\jln3418700581370692234\jln8003809246716560098\natives\windows-amd64\jogl_desktop.dll
0x00007ffefc9c0000 - 0x00007ffefccfe000 	C:\Users\Bobby Williams\AppData\Local\Programs\MiKTeX\miktex\bin\x64\libGLESv2.dll
0x00007fff39ab0000 - 0x00007fff39abc000 	C:\WINDOWS\SYSTEM32\VCRUNTIME140_1.dll
0x00007fff2b810000 - 0x00007fff2b9de000 	C:\WINDOWS\SYSTEM32\d3d9.dll
0x0000000064340000 - 0x00000000643a2000 	C:\Users\Bobby Williams\AppData\Local\Temp\jogamp_0000\file_cache\jln3418700581370692234\jln8003809246716560098\natives\windows-amd64\jogl_mobile.dll
0x00007fff42300000 - 0x00007fff423a9000 	C:\WINDOWS\System32\clbcatq.dll
0x00007ffeabfb0000 - 0x00007ffeacfd2000 	C:\WINDOWS\System32\DriverStore\FileRepository\iigd_dch_jaz.inf_amd64_00e3a91e23dede75\ig11icd64.dll
0x00007fff3df80000 - 0x00007fff3e074000 	C:\WINDOWS\system32\dxgi.dll
0x00007ffeecd30000 - 0x00007ffeed139000 	C:\WINDOWS\System32\DriverStore\FileRepository\iigd_dch_jaz.inf_amd64_00e3a91e23dede75\igdml64.dll
0x00007fff2f080000 - 0x00007fff2f3b1000 	C:\WINDOWS\System32\DriverStore\FileRepository\iigd_dch_jaz.inf_amd64_00e3a91e23dede75\igdgmm64.dll
0x00007fff2c300000 - 0x00007fff2f078000 	C:\WINDOWS\System32\DriverStore\FileRepository\iigd_dch_jaz.inf_amd64_00e3a91e23dede75\igc64.dll
0x00007fff400c0000 - 0x00007fff4010b000 	C:\WINDOWS\SYSTEM32\powrprof.dll
0x00007fff3fb50000 - 0x00007fff3fb62000 	C:\WINDOWS\SYSTEM32\UMPDC.dll
0x00007fff1b5c0000 - 0x00007fff1b609000 	C:\Program Files\Java\jdk1.8.0_301\jre\bin\fontmanager.dll
0x00007fff14330000 - 0x00007fff14373000 	C:\Program Files\Java\jdk1.8.0_301\jre\bin\t2k.dll
0x00007fff27af0000 - 0x00007fff27be9000 	C:\WINDOWS\SYSTEM32\textinputframework.dll
0x00007fff3c400000 - 0x00007fff3c75e000 	C:\WINDOWS\System32\CoreUIComponents.dll
0x00007fff3c760000 - 0x00007fff3c852000 	C:\WINDOWS\System32\CoreMessaging.dll
0x00007fff40110000 - 0x00007fff40143000 	C:\WINDOWS\SYSTEM32\ntmarta.dll
0x00007fff3bd30000 - 0x00007fff3be84000 	C:\WINDOWS\SYSTEM32\wintypes.dll
0x00007fff282c0000 - 0x00007fff28326000 	C:\WINDOWS\system32\Oleacc.dll
0x00007fff3fe50000 - 0x00007fff40034000 	C:\WINDOWS\SYSTEM32\dbghelp.dll

VM Arguments:
jvm_args: -javaagent:C:\Program Files\JetBrains\IntelliJ IDEA 2021.2.3\lib\idea_rt.jar=53675:C:\Program Files\JetBrains\IntelliJ IDEA 2021.2.3\bin -Dfile.encoding=UTF-8 
java_command: Museum
java_class_path (initial): C:\Program Files\Java\jdk1.8.0_301\jre\lib\charsets.jar;C:\Program Files\Java\jdk1.8.0_301\jre\lib\deploy.jar;C:\Program Files\Java\jdk1.8.0_301\jre\lib\ext\access-bridge-64.jar;C:\Program Files\Java\jdk1.8.0_301\jre\lib\ext\cldrdata.jar;C:\Program Files\Java\jdk1.8.0_301\jre\lib\ext\dnsns.jar;C:\Program Files\Java\jdk1.8.0_301\jre\lib\ext\jaccess.jar;C:\Program Files\Java\jdk1.8.0_301\jre\lib\ext\jfxrt.jar;C:\Program Files\Java\jdk1.8.0_301\jre\lib\ext\localedata.jar;C:\Program Files\Java\jdk1.8.0_301\jre\lib\ext\nashorn.jar;C:\Program Files\Java\jdk1.8.0_301\jre\lib\ext\sunec.jar;C:\Program Files\Java\jdk1.8.0_301\jre\lib\ext\sunjce_provider.jar;C:\Program Files\Java\jdk1.8.0_301\jre\lib\ext\sunmscapi.jar;C:\Program Files\Java\jdk1.8.0_301\jre\lib\ext\sunpkcs11.jar;C:\Program Files\Java\jdk1.8.0_301\jre\lib\ext\zipfs.jar;C:\Program Files\Java\jdk1.8.0_301\jre\lib\javaws.jar;C:\Program Files\Java\jdk1.8.0_301\jre\lib\jce.jar;C:\Program Files\Java\jdk1.8.0_301\jre\lib\jfr.jar;C:\Program Files\Java\jdk1.8.0_301\jre\lib\jfxswt.jar;C:\Program Files\Java\jdk1.8.0_301\jre\lib\jsse.jar;C:\Program Files\Java\jdk1.8.0_301\jre\lib\management-agent.jar;C:\Program Files\Java\jdk1.8.0_301\jre\lib\plugin.jar;C:\Program Files\Java\jdk1.8.0_301\jre\lib\resources.jar;C:\Program Files\Java\jdk1.8.0_301\jre\lib\rt.jar;C:\Users\Bobby Williams\Documents\Github Repos\com3503-assignment\out\production\7_2_scene_graph;C:\jogl232\jar\joal.jar;C:\jogl232\jar\jocl.jar;C:\jogl232\jar\gluegen.jar;C:\jogl232\jar\jogl-all.jar;C:\jogl232\jar\joal-test.jar;C:\jogl232\jar\jocl-test.jar;C:\jogl232\jar\jogl-test.jar;C:\jogl232\jar\gluegen-rt.jar;C:\jogl232\jar\joal-android.jar;C:\jogl232\jar\jocl-android.jar;C:\jogl232\jar\jogl-all-noawt.jar;C:\jogl232\jar\jogl-all-mobile.jar;C:\jogl232\jar\jogl-all-android.jar;C:\jogl232\jar\gluegen-test-util.jar;C:\jogl232\jar\joal-test-android.jar;C:\jogl232\jar\jocl-test-android.jar;C:\jogl232\jar\jogl-test-android.jar;C:\jogl232\jar\
Launcher Type: SUN_STANDARD

Environment Variables:
CLASSPATH=.;c:\jogl232\jar\jogl-all.jar;c:\jogl232\jar\gluegen-rt.jar
PATH=C:\Program Files (x86)\Common Files\Oracle\Java\javapath;C:\WINDOWS\system32;C:\WINDOWS;C:\WINDOWS\System32\Wbem;C:\WINDOWS\System32\WindowsPowerShell\v1.0\;C:\WINDOWS\System32\OpenSSH\;C:\Program Files\Git\cmd;C:\Program Files (x86)\GitExtensions\;C:\Strawberry\c\bin;C:\Strawberry\perl\site\bin;C:\Strawberry\perl\bin;C:\Users\Bobby Williams\AppData\Local\Microsoft\WindowsApps;c:\jogl232\lib;C:\Program Files\Java\jdk1.8.0_301\bin;C:\Users\Bobby Williams\AppData\Local\Programs\MiKTeX\miktex\bin\x64\;C:\Users\Bobby Williams\AppData\Local\Programs\Microsoft VS Code\bin
USERNAME=Bobby Williams
OS=Windows_NT
PROCESSOR_IDENTIFIER=Intel64 Family 6 Model 126 Stepping 5, GenuineIntel



---------------  S Y S T E M  ---------------

OS: Windows 10.0 , 64 bit Build 19041 (10.0.19041.1348)

CPU:total 8 (initial active 8) (4 cores per cpu, 2 threads per core) family 6 model 126 stepping 5, cmov, cx8, fxsr, mmx, sse, sse2, sse3, ssse3, sse4.1, sse4.2, popcnt, avx, avx2, aes, clmul, erms, 3dnowpref, lzcnt, ht, tsc, tscinvbit, bmi1, bmi2, adx

Memory: 4k page, physical 33129664k(20333868k free), swap 38110400k(21605604k free)

vm_info: Java HotSpot(TM) 64-Bit Server VM (25.301-b09) for windows-amd64 JRE (1.8.0_301-b09), built on Jun  9 2021 06:46:21 by "java_re" with MS VC++ 15.9 (VS2017)

time: Sat Dec  4 22:36:51 2021
timezone: GMT Standard Time
elapsed time: 3.605512 seconds (0d 0h 0m 3s)

