#
# A fatal error has been detected by the Java Runtime Environment:
#
#  EXCEPTION_ACCESS_VIOLATION (0xc0000005) at pc=0x00007ff8b5d3c6d9, pid=6192, tid=0x0000000000004710
#
# JRE version: Java(TM) SE Runtime Environment (8.0_301-b09) (build 1.8.0_301-b09)
# Java VM: Java HotSpot(TM) 64-Bit Server VM (25.301-b09 mixed mode windows-amd64 compressed oops)
# Problematic frame:
# C  [ig11icd64.dll+0x56c6d9]
#
# Failed to write core dump. Minidumps are not enabled by default on client versions of Windows
#
# If you would like to submit a bug report, please visit:
#   http://bugreport.java.com/bugreport/crash.jsp
#

---------------  T H R E A D  ---------------

Current thread (0x0000025063a80000):  VMThread [stack: 0x000000a2cec00000,0x000000a2ced00000] [id=18192]

siginfo: ExceptionCode=0xc0000005, reading address 0x00000000000352f8

Registers:
RAX=0x000002506ec6a040, RBX=0x000002506ec69ee0, RCX=0x00000000000001c9, RDX=0x000002506ec69fc0
RSP=0x000000a2cecfed30, RBP=0x000002506ec68e30, RSI=0x000002506ec6a408, RDI=0x000002506904da40
R8 =0x0000000000000014, R9 =0x0000000000000000, R10=0x0000000000000000, R11=0x0000000000000246
R12=0x0000000000000000, R13=0x0000000000000000, R14=0x0000000000000000, R15=0x0000000000000000
RIP=0x00007ff8b5d3c6d9, EFLAGS=0x0000000000010202

Top of Stack: (sp=0x000000a2cecfed30)
0x000000a2cecfed30:   000002506888c760 000000a2cecfed70
0x000000a2cecfed40:   000000a2cecfed78 0000005400000000
0x000000a2cecfed50:   00007ff8b67285e0 00000000000001f1
0x000000a2cecfed60:   0000025068e9f8d0 0000000000000090
0x000000a2cecfed70:   0000000000000000 00007ff8b5d1dbc2
0x000000a2cecfed80:   000002506888c760 000002506904da40
0x000000a2cecfed90:   000000a2cecfee80 0000000000000000
0x000000a2cecfeda0:   000000000000b688 0000000000000000
0x000000a2cecfedb0:   0000000000000000 0000000002000002
0x000000a2cecfedc0:   0000000000140012 00007ff987080986
0x000000a2cecfedd0:   000000000000088e 000002503fb30150
0x000000a2cecfede0:   000000000000088e 000000000000088e
0x000000a2cecfedf0:   000000000000088e 0000025005000401
0x000000a2cecfee00:   000002503fb3dd40 00007ff922b0e249
0x000000a2cecfee10:   000002503fb3dd40 0000000000000000
0x000000a2cecfee20:   0000b802003c0000 000000000000b688 

Instructions: (pc=0x00007ff8b5d3c6d9)
0x00007ff8b5d3c6b9:   1d 8b c1 83 e0 0f 48 c1 e0 06 48 03 c2 48 85 c0
0x00007ff8b5d3c6c9:   74 0c 48 8b 48 08 eb 08 48 83 c0 08 eb ef 33 c9
0x00007ff8b5d3c6d9:   49 3b 8e f8 52 03 00 76 6b 48 8b 87 80 02 00 00
0x00007ff8b5d3c6e9:   48 89 06 48 89 9f 80 02 00 00 ff 87 88 02 00 00 


Register to memory mapping:

RAX=0x000002506ec6a040 is an unknown value
RBX=0x000002506ec69ee0 is an unknown value
RCX=0x00000000000001c9 is an unknown value
RDX=0x000002506ec69fc0 is an unknown value
RSP=0x000000a2cecfed30 is an unknown value
RBP=0x000002506ec68e30 is an unknown value
RSI=0x000002506ec6a408 is an unknown value
RDI=0x000002506904da40 is an unknown value
R8 =0x0000000000000014 is an unknown value
R9 =0x0000000000000000 is an unknown value
R10=0x0000000000000000 is an unknown value
R11=0x0000000000000246 is an unknown value
R12=0x0000000000000000 is an unknown value
R13=0x0000000000000000 is an unknown value
R14=0x0000000000000000 is an unknown value
R15=0x0000000000000000 is an unknown value


Stack: [0x000000a2cec00000,0x000000a2ced00000],  sp=0x000000a2cecfed30,  free space=1019k
Native frames: (J=compiled Java code, j=interpreted, Vv=VM code, C=native code)
C  [ig11icd64.dll+0x56c6d9]
C  [ig11icd64.dll+0x54dbc2]
C  [ig11icd64.dll+0x645291]
C  [ig11icd64.dll+0x5aabb0]
C  [ig11icd64.dll+0x641e22]
C  [ig11icd64.dll+0x641fbd]
C  [ig11icd64.dll+0x5492a9]
C  [ig11icd64.dll+0x549129]
C  [ig11icd64.dll+0x4fe1bb]
C  [ntdll.dll+0x19a1d]
C  [ntdll.dll+0x5db91]
C  [ntdll.dll+0x5da2d]
C  [KERNEL32.DLL+0x1e0ab]
C  [ucrtbase.dll+0x205bc]
C  [ucrtbase.dll+0x2045f]
V  [jvm.dll+0x20a8f5]
V  [jvm.dll+0x2455f6]
V  [jvm.dll+0x245b57]
V  [jvm.dll+0x2442c5]
V  [jvm.dll+0x244a3c]
V  [jvm.dll+0x244d4c]
V  [jvm.dll+0x2923dc]
C  [ucrtbase.dll+0x21bb2]
C  [KERNEL32.DLL+0x17034]
C  [ntdll.dll+0x52651]

VM_Operation (0x000000a2cfbfde20): Exit, mode: safepoint, requested by thread 0x00000250685f1000


---------------  P R O C E S S  ---------------

Java Threads: ( => current thread )
  0x000002503fb76800 JavaThread "DestroyJavaVM" [_thread_blocked, id=16460, stack(0x000000a2ce300000,0x000000a2ce400000)]
  0x00000250684cf000 JavaThread "main-FPSAWTAnimator#00-Timer0" [_thread_blocked, id=1044, stack(0x000000a2d0100000,0x000000a2d0200000)]
  0x00000250685f1000 JavaThread "AWT-EventQueue-0" [_thread_blocked, id=2008, stack(0x000000a2cfb00000,0x000000a2cfc00000)]
  0x0000025066294800 JavaThread "AWT-Shutdown" [_thread_blocked, id=9852, stack(0x000000a2cf900000,0x000000a2cfa00000)]
  0x0000025066238800 JavaThread "Java2D Disposer" daemon [_thread_blocked, id=7172, stack(0x000000a2cf800000,0x000000a2cf900000)]
  0x0000025065f15000 JavaThread "Service Thread" daemon [_thread_blocked, id=7572, stack(0x000000a2cf600000,0x000000a2cf700000)]
  0x0000025065e87000 JavaThread "C1 CompilerThread3" daemon [_thread_blocked, id=9224, stack(0x000000a2cf500000,0x000000a2cf600000)]
  0x0000025065e7a000 JavaThread "C2 CompilerThread2" daemon [_thread_blocked, id=15136, stack(0x000000a2cf400000,0x000000a2cf500000)]
  0x0000025065e77000 JavaThread "C2 CompilerThread1" daemon [_thread_blocked, id=18260, stack(0x000000a2cf300000,0x000000a2cf400000)]
  0x0000025065e73000 JavaThread "C2 CompilerThread0" daemon [_thread_blocked, id=17572, stack(0x000000a2cf200000,0x000000a2cf300000)]
  0x0000025065e71800 JavaThread "Monitor Ctrl-Break" daemon [_thread_in_native, id=17108, stack(0x000000a2cf100000,0x000000a2cf200000)]
  0x0000025063ad8800 JavaThread "Attach Listener" daemon [_thread_blocked, id=16880, stack(0x000000a2cf000000,0x000000a2cf100000)]
  0x0000025063ad6800 JavaThread "Signal Dispatcher" daemon [_thread_blocked, id=1404, stack(0x000000a2cef00000,0x000000a2cf000000)]
  0x0000025063ab1800 JavaThread "Finalizer" daemon [_thread_blocked, id=16300, stack(0x000000a2cee00000,0x000000a2cef00000)]
  0x0000025063aaa000 JavaThread "Reference Handler" daemon [_thread_blocked, id=7028, stack(0x000000a2ced00000,0x000000a2cee00000)]

Other Threads:
=>0x0000025063a80000 VMThread [stack: 0x000000a2cec00000,0x000000a2ced00000] [id=18192]

VM state:at safepoint (shutting down)

VM Mutex/Monitor currently owned by a thread:  ([mutex/lock_event])
[0x000002503fb743c0] Threads_lock - owner thread: 0x0000025063a80000

heap address: 0x00000005c6600000, size: 8090 MB, Compressed Oops mode: Zero based, Oop shift amount: 3
Narrow klass base: 0x0000000000000000, Narrow klass shift: 3
Compressed class space size: 1073741824 Address: 0x00000007c0000000

Heap:
 PSYoungGen      total 280576K, used 109646K [0x0000000717780000, 0x0000000729e80000, 0x00000007c0000000)
  eden space 259072K, 36% used [0x0000000717780000,0x000000071d4609e0,0x0000000727480000)
  from space 21504K, 67% used [0x0000000728980000,0x00000007297b3020,0x0000000729e80000)
  to   space 21504K, 0% used [0x0000000727480000,0x0000000727480000,0x0000000728980000)
 ParOldGen       total 345600K, used 45215K [0x00000005c6600000, 0x00000005db780000, 0x0000000717780000)
  object space 345600K, 13% used [0x00000005c6600000,0x00000005c9227ca0,0x00000005db780000)
 Metaspace       used 17128K, capacity 17308K, committed 17536K, reserved 1064960K
  class space    used 1787K, capacity 1853K, committed 1920K, reserved 1048576K

Card table byte_map: [0x00000250508b0000,0x0000025051880000] byte_map_base: 0x000002504da7d000

Marking Bits: (ParMarkBitMap*) 0x0000000059b77fe0
 Begin Bits: [0x0000025052310000, 0x000002505a178000)
 End Bits:   [0x000002505a178000, 0x0000025061fe0000)

Polling page: 0x000002503fea0000

CodeCache: size=245760Kb used=4403Kb max_used=4403Kb free=241356Kb
 bounds [0x00000250414f0000, 0x0000025041940000, 0x00000250504f0000]
 total_blobs=1837 nmethods=1001 adapters=749
 compilation: enabled

Compilation events (10 events):
Event: 4.547 Thread 0x0000025065e87000  997       1       java.nio.Buffer::capacity (5 bytes)
Event: 4.547 Thread 0x0000025065e87000 nmethod 997 0x000002504193b710 code [0x000002504193b860, 0x000002504193b978]
Event: 4.548 Thread 0x0000025065e87000  998       3       java.nio.Buffer::remaining (20 bytes)
Event: 4.548 Thread 0x0000025065e87000 nmethod 998 0x000002504193b390 code [0x000002504193b4e0, 0x000002504193b698]
Event: 4.617 Thread 0x0000025065e87000  999       3       sun.awt.AWTAutoShutdown::notifyToolkitThreadBusy (8 bytes)
Event: 4.618 Thread 0x0000025065e87000 nmethod 999 0x000002504193af90 code [0x000002504193b100, 0x000002504193b2d0]
Event: 4.626 Thread 0x0000025065e87000 1000       3       sun.awt.AWTAutoShutdown::notifyToolkitThreadFree (8 bytes)
Event: 4.626 Thread 0x0000025065e87000 nmethod 1000 0x000002504193ab90 code [0x000002504193ad00, 0x000002504193aed0]
Event: 4.665 Thread 0x0000025065e87000 1001       3       java.lang.Math::toRadians (10 bytes)
Event: 4.666 Thread 0x0000025065e87000 nmethod 1001 0x000002504193a850 code [0x000002504193a9c0, 0x000002504193ab18]

GC Heap History (4 events):
Event: 2.430 GC heap before
{Heap before GC invocations=1 (full 0):
 PSYoungGen      total 151040K, used 129536K [0x0000000717780000, 0x0000000722000000, 0x00000007c0000000)
  eden space 129536K, 100% used [0x0000000717780000,0x000000071f600000,0x000000071f600000)
  from space 21504K, 0% used [0x0000000720b00000,0x0000000720b00000,0x0000000722000000)
  to   space 21504K, 0% used [0x000000071f600000,0x000000071f600000,0x0000000720b00000)
 ParOldGen       total 345600K, used 0K [0x00000005c6600000, 0x00000005db780000, 0x0000000717780000)
  object space 345600K, 0% used [0x00000005c6600000,0x00000005c6600000,0x00000005db780000)
 Metaspace       used 16903K, capacity 17116K, committed 17536K, reserved 1064960K
  class space    used 1769K, capacity 1853K, committed 1920K, reserved 1048576K
Event: 2.468 GC heap after
Heap after GC invocations=1 (full 0):
 PSYoungGen      total 151040K, used 21484K [0x0000000717780000, 0x0000000729e80000, 0x00000007c0000000)
  eden space 129536K, 0% used [0x0000000717780000,0x0000000717780000,0x000000071f600000)
  from space 21504K, 99% used [0x000000071f600000,0x0000000720afb020,0x0000000720b00000)
  to   space 21504K, 0% used [0x0000000728980000,0x0000000728980000,0x0000000729e80000)
 ParOldGen       total 345600K, used 45207K [0x00000005c6600000, 0x00000005db780000, 0x0000000717780000)
  object space 345600K, 13% used [0x00000005c6600000,0x00000005c9225ca0,0x00000005db780000)
 Metaspace       used 16903K, capacity 17116K, committed 17536K, reserved 1064960K
  class space    used 1769K, capacity 1853K, committed 1920K, reserved 1048576K
}
Event: 3.750 GC heap before
{Heap before GC invocations=2 (full 0):
 PSYoungGen      total 151040K, used 151020K [0x0000000717780000, 0x0000000729e80000, 0x00000007c0000000)
  eden space 129536K, 100% used [0x0000000717780000,0x000000071f600000,0x000000071f600000)
  from space 21504K, 99% used [0x000000071f600000,0x0000000720afb020,0x0000000720b00000)
  to   space 21504K, 0% used [0x0000000728980000,0x0000000728980000,0x0000000729e80000)
 ParOldGen       total 345600K, used 45207K [0x00000005c6600000, 0x00000005db780000, 0x0000000717780000)
  object space 345600K, 13% used [0x00000005c6600000,0x00000005c9225ca0,0x00000005db780000)
 Metaspace       used 16942K, capacity 17116K, committed 17536K, reserved 1064960K
  class space    used 1769K, capacity 1853K, committed 1920K, reserved 1048576K
Event: 3.761 GC heap after
Heap after GC invocations=2 (full 0):
 PSYoungGen      total 280576K, used 14540K [0x0000000717780000, 0x0000000729e80000, 0x00000007c0000000)
  eden space 259072K, 0% used [0x0000000717780000,0x0000000717780000,0x0000000727480000)
  from space 21504K, 67% used [0x0000000728980000,0x00000007297b3020,0x0000000729e80000)
  to   space 21504K, 0% used [0x0000000727480000,0x0000000727480000,0x0000000728980000)
 ParOldGen       total 345600K, used 45215K [0x00000005c6600000, 0x00000005db780000, 0x0000000717780000)
  object space 345600K, 13% used [0x00000005c6600000,0x00000005c9227ca0,0x00000005db780000)
 Metaspace       used 16942K, capacity 17116K, committed 17536K, reserved 1064960K
  class space    used 1769K, capacity 1853K, committed 1920K, reserved 1048576K
}

Deoptimization events (10 events):
Event: 2.902 Thread 0x00000250685f1000 Uncommon trap: reason=unstable_if action=reinterpret pc=0x00000250418f3e40 method=jogamp.opengl.util.jpeg.JPEGDecoder$Output.quantizeAndInverse([I[B[I[I)V @ 792
Event: 2.982 Thread 0x00000250685f1000 Uncommon trap: reason=unstable_if action=reinterpret pc=0x0000025041902d3c method=jogamp.opengl.util.jpeg.JPEGDecoder$Output.quantizeAndInverse([I[B[I[I)V @ 1496
Event: 3.820 Thread 0x00000250685f1000 Uncommon trap: reason=unstable_if action=reinterpret pc=0x00000250418f61b4 method=jogamp.opengl.util.jpeg.JPEGDecoder$Decoder$ACFirstDecoder.decode(Ljogamp/opengl/util/jpeg/JPEGDecoder$ComponentIn;[I)V @ 77
Event: 3.821 Thread 0x00000250685f1000 Uncommon trap: reason=unstable_if action=reinterpret pc=0x00000250418edb24 method=jogamp.opengl.util.jpeg.JPEGDecoder$Decoder$ACFirstDecoder.decode(Ljogamp/opengl/util/jpeg/JPEGDecoder$ComponentIn;[I)V @ 77
Event: 3.830 Thread 0x00000250685f1000 Uncommon trap: reason=bimorphic action=maybe_recompile pc=0x000002504190bbbc method=jogamp.opengl.util.jpeg.JPEGDecoder$Decoder.decodeBlock(Ljogamp/opengl/util/jpeg/JPEGDecoder$ComponentIn;Ljogamp/opengl/util/jpeg/JPEGDecoder$DecoderFunction;I)V @ 28
Event: 3.830 Thread 0x00000250685f1000 Uncommon trap: reason=bimorphic action=maybe_recompile pc=0x000002504190bbbc method=jogamp.opengl.util.jpeg.JPEGDecoder$Decoder.decodeBlock(Ljogamp/opengl/util/jpeg/JPEGDecoder$ComponentIn;Ljogamp/opengl/util/jpeg/JPEGDecoder$DecoderFunction;I)V @ 28
Event: 3.830 Thread 0x00000250685f1000 Uncommon trap: reason=bimorphic action=maybe_recompile pc=0x000002504190bbbc method=jogamp.opengl.util.jpeg.JPEGDecoder$Decoder.decodeBlock(Ljogamp/opengl/util/jpeg/JPEGDecoder$ComponentIn;Ljogamp/opengl/util/jpeg/JPEGDecoder$DecoderFunction;I)V @ 28
Event: 3.830 Thread 0x00000250685f1000 Uncommon trap: reason=bimorphic action=maybe_recompile pc=0x000002504190bbbc method=jogamp.opengl.util.jpeg.JPEGDecoder$Decoder.decodeBlock(Ljogamp/opengl/util/jpeg/JPEGDecoder$ComponentIn;Ljogamp/opengl/util/jpeg/JPEGDecoder$DecoderFunction;I)V @ 28
Event: 3.916 Thread 0x00000250685f1000 Uncommon trap: reason=unstable_if action=reinterpret pc=0x00000250418ead0c method=jogamp.opengl.util.jpeg.JPEGDecoder$Decoder$ACFirstDecoder.decode(Ljogamp/opengl/util/jpeg/JPEGDecoder$ComponentIn;[I)V @ 77
Event: 4.040 Thread 0x00000250685f1000 Uncommon trap: reason=unstable_if action=reinterpret pc=0x000002504190f05c method=jogamp.opengl.util.jpeg.JPEGDecoder$Output.quantizeAndInverse([I[B[I[I)V @ 803

Classes redefined (0 events):
No events

Internal exceptions (10 events):
Event: 0.301 Thread 0x000002503fb76800 Exception <a 'java/security/PrivilegedActionException'> (0x0000000717ff92d8) thrown at [C:\jenkins\workspace\8-2-build-windows-amd64-cygwin\jdk8u301\1513\hotspot\src\share\vm\prims\jvm.cpp, line 1523]
Event: 0.301 Thread 0x000002503fb76800 Exception <a 'java/security/PrivilegedActionException'> (0x0000000717ff94e8) thrown at [C:\jenkins\workspace\8-2-build-windows-amd64-cygwin\jdk8u301\1513\hotspot\src\share\vm\prims\jvm.cpp, line 1523]
Event: 0.302 Thread 0x000002503fb76800 Exception <a 'java/security/PrivilegedActionException'> (0x0000000717ffd3f8) thrown at [C:\jenkins\workspace\8-2-build-windows-amd64-cygwin\jdk8u301\1513\hotspot\src\share\vm\prims\jvm.cpp, line 1523]
Event: 0.302 Thread 0x000002503fb76800 Exception <a 'java/security/PrivilegedActionException'> (0x0000000717ffd608) thrown at [C:\jenkins\workspace\8-2-build-windows-amd64-cygwin\jdk8u301\1513\hotspot\src\share\vm\prims\jvm.cpp, line 1523]
Event: 0.310 Thread 0x000002503fb76800 Exception <a 'java/io/FileNotFoundException'> (0x000000071801b9f0) thrown at [C:\jenkins\workspace\8-2-build-windows-amd64-cygwin\jdk8u301\1513\hotspot\src\share\vm\prims\jni.cpp, line 710]
Event: 0.360 Thread 0x000002503fb76800 Exception <a 'java/lang/NoSuchFieldError': method resolution failed> (0x000000071814b680) thrown at [C:\jenkins\workspace\8-2-build-windows-amd64-cygwin\jdk8u301\1513\hotspot\src\share\vm\prims\methodHandles.cpp, line 1169]
Event: 0.362 Thread 0x000002503fb76800 Exception <a 'java/lang/NoSuchFieldError': method resolution failed> (0x00000007181594f8) thrown at [C:\jenkins\workspace\8-2-build-windows-amd64-cygwin\jdk8u301\1513\hotspot\src\share\vm\prims\methodHandles.cpp, line 1169]
Event: 0.422 Thread 0x000002503fb76800 Exception <a 'java/io/FileNotFoundException'> (0x00000007182d9aa0) thrown at [C:\jenkins\workspace\8-2-build-windows-amd64-cygwin\jdk8u301\1513\hotspot\src\share\vm\prims\jni.cpp, line 710]
Event: 0.912 Thread 0x000002503fb76800 Exception <a 'java/io/FileNotFoundException'> (0x0000000718a3f928) thrown at [C:\jenkins\workspace\8-2-build-windows-amd64-cygwin\jdk8u301\1513\hotspot\src\share\vm\prims\jni.cpp, line 710]
Event: 2.053 Thread 0x000002503fb76800 Exception <a 'java/lang/reflect/InvocationTargetException'> (0x000000071b32af38) thrown at [C:\jenkins\workspace\8-2-build-windows-amd64-cygwin\jdk8u301\1513\hotspot\src\share\vm\runtime\reflection.cpp, line 1092]

Events (10 events):
Event: 4.754 loading class jogamp/opengl/egl/EGLDisplayUtil
Event: 4.754 loading class jogamp/opengl/egl/EGLDisplayUtil done
Event: 4.755 loading class com/jogamp/nativewindow/egl/EGLGraphicsDevice$EGLDisplayLifecycleCallback
Event: 4.755 loading class com/jogamp/nativewindow/egl/EGLGraphicsDevice$EGLDisplayLifecycleCallback done
Event: 4.756 loading class jogamp/opengl/egl/EGLDisplayUtil$1
Event: 4.756 loading class jogamp/opengl/egl/EGLDisplayUtil$1 done
Event: 4.757 Thread 0x000002506f0c8800 Thread exited: 0x000002506f0c8800
Event: 4.862 Thread 0x0000025066299000 Thread exited: 0x0000025066299000
Event: 4.926 Thread 0x000002506f0f3800 Thread exited: 0x000002506f0f3800
Event: 4.926 Executing VM operation: Exit


Dynamic libraries:
0x00007ff6c9740000 - 0x00007ff6c9787000 	C:\Program Files\Java\jdk1.8.0_301\bin\java.exe
0x00007ff922af0000 - 0x00007ff922ce5000 	C:\WINDOWS\SYSTEM32\ntdll.dll
0x00007ff9221d0000 - 0x00007ff92228e000 	C:\WINDOWS\System32\KERNEL32.DLL
0x00007ff9205c0000 - 0x00007ff920888000 	C:\WINDOWS\System32\KERNELBASE.dll
0x00007ff9216d0000 - 0x00007ff92177c000 	C:\WINDOWS\System32\ADVAPI32.dll
0x00007ff9213d0000 - 0x00007ff92146e000 	C:\WINDOWS\System32\msvcrt.dll
0x00007ff921510000 - 0x00007ff9215ab000 	C:\WINDOWS\System32\sechost.dll
0x00007ff920c90000 - 0x00007ff920dba000 	C:\WINDOWS\System32\RPCRT4.dll
0x00007ff921c40000 - 0x00007ff921de1000 	C:\WINDOWS\System32\USER32.dll
0x00007ff920210000 - 0x00007ff920232000 	C:\WINDOWS\System32\win32u.dll
0x00007ff921df0000 - 0x00007ff921e1b000 	C:\WINDOWS\System32\GDI32.dll
0x00007ff9204b0000 - 0x00007ff9205bb000 	C:\WINDOWS\System32\gdi32full.dll
0x00007ff920990000 - 0x00007ff920a2d000 	C:\WINDOWS\System32\msvcp_win.dll
0x00007ff920890000 - 0x00007ff920990000 	C:\WINDOWS\System32\ucrtbase.dll
0x00007ff907a70000 - 0x00007ff907d0a000 	C:\WINDOWS\WinSxS\amd64_microsoft.windows.common-controls_6595b64144ccf1df_6.0.19041.1110_none_60b5254171f9507e\COMCTL32.dll
0x00007ff920b40000 - 0x00007ff920b70000 	C:\WINDOWS\System32\IMM32.DLL
0x00007ff917b60000 - 0x00007ff917b75000 	C:\Program Files\Java\jdk1.8.0_301\jre\bin\vcruntime140.dll
0x00007ff916a80000 - 0x00007ff916b1b000 	C:\Program Files\Java\jdk1.8.0_301\jre\bin\msvcp140.dll
0x0000000059390000 - 0x0000000059bf0000 	C:\Program Files\Java\jdk1.8.0_301\jre\bin\server\jvm.dll
0x00007ff9218d0000 - 0x00007ff9218d8000 	C:\WINDOWS\System32\PSAPI.DLL
0x00007ff917b10000 - 0x00007ff917b19000 	C:\WINDOWS\SYSTEM32\WSOCK32.dll
0x00007ff9139e0000 - 0x00007ff9139ea000 	C:\WINDOWS\SYSTEM32\VERSION.dll
0x00007ff9073a0000 - 0x00007ff9073c7000 	C:\WINDOWS\SYSTEM32\WINMM.dll
0x00007ff921660000 - 0x00007ff9216cb000 	C:\WINDOWS\System32\WS2_32.dll
0x00007ff91eaa0000 - 0x00007ff91eab2000 	C:\WINDOWS\SYSTEM32\kernel.appcore.dll
0x00007ff917b50000 - 0x00007ff917b60000 	C:\Program Files\Java\jdk1.8.0_301\jre\bin\verify.dll
0x00007ff916a50000 - 0x00007ff916a7b000 	C:\Program Files\Java\jdk1.8.0_301\jre\bin\java.dll
0x00007ff9169d0000 - 0x00007ff916a00000 	C:\Program Files\Java\jdk1.8.0_301\jre\bin\instrument.dll
0x00007ff916a30000 - 0x00007ff916a48000 	C:\Program Files\Java\jdk1.8.0_301\jre\bin\zip.dll
0x00007ff922370000 - 0x00007ff922aaf000 	C:\WINDOWS\System32\SHELL32.dll
0x00007ff91d820000 - 0x00007ff91dfb0000 	C:\WINDOWS\SYSTEM32\windows.storage.dll
0x00007ff9218e0000 - 0x00007ff921c35000 	C:\WINDOWS\System32\combase.dll
0x00007ff91fc60000 - 0x00007ff91fc8e000 	C:\WINDOWS\SYSTEM32\Wldp.dll
0x00007ff921320000 - 0x00007ff9213cd000 	C:\WINDOWS\System32\SHCORE.dll
0x00007ff920e40000 - 0x00007ff920e95000 	C:\WINDOWS\System32\shlwapi.dll
0x00007ff920150000 - 0x00007ff92016f000 	C:\WINDOWS\SYSTEM32\profapi.dll
0x00007ff916970000 - 0x00007ff91698a000 	C:\Program Files\JetBrains\IntelliJ IDEA 2021.2.3\bin\breakgen64.dll
0x00007ff9169b0000 - 0x00007ff9169cc000 	C:\Program Files\Java\jdk1.8.0_301\jre\bin\net.dll
0x00007ff91f9c0000 - 0x00007ff91fa2a000 	C:\WINDOWS\system32\mswsock.dll
0x00007ff8e7e70000 - 0x00007ff8e8005000 	C:\Program Files\Java\jdk1.8.0_301\jre\bin\awt.dll
0x00007ff921780000 - 0x00007ff92184d000 	C:\WINDOWS\System32\OLEAUT32.dll
0x00007ff919dd0000 - 0x00007ff919e60000 	C:\WINDOWS\SYSTEM32\apphelp.dll
0x00007ff91e340000 - 0x00007ff91e36f000 	C:\WINDOWS\system32\DWMAPI.DLL
0x00007ff91cde0000 - 0x00007ff91ce7e000 	C:\WINDOWS\system32\uxtheme.dll
0x00007ff904970000 - 0x00007ff904a95000 	C:\WINDOWS\system32\opengl32.dll
0x00007ff905f70000 - 0x00007ff905f9c000 	C:\WINDOWS\SYSTEM32\GLU32.dll
0x00007ff920b70000 - 0x00007ff920c85000 	C:\WINDOWS\System32\MSCTF.dll
0x00007ff9220a0000 - 0x00007ff9221ca000 	C:\WINDOWS\System32\ole32.dll
0x00007ff9202c0000 - 0x00007ff920343000 	C:\WINDOWS\System32\bcryptPrimitives.dll
0x00007ff91fbb0000 - 0x00007ff91fbc8000 	C:\WINDOWS\SYSTEM32\CRYPTSP.dll
0x00007ff91f2a0000 - 0x00007ff91f2d4000 	C:\WINDOWS\system32\rsaenh.dll
0x00007ff920240000 - 0x00007ff920267000 	C:\WINDOWS\System32\bcrypt.dll
0x00007ff9200d0000 - 0x00007ff9200fe000 	C:\WINDOWS\SYSTEM32\USERENV.dll
0x00007ff91fbd0000 - 0x00007ff91fbdc000 	C:\WINDOWS\SYSTEM32\CRYPTBASE.dll
0x00007ff91f640000 - 0x00007ff91f67b000 	C:\WINDOWS\SYSTEM32\IPHLPAPI.DLL
0x00007ff921470000 - 0x00007ff921478000 	C:\WINDOWS\System32\NSI.dll
0x00007ff9145f0000 - 0x00007ff914607000 	C:\WINDOWS\SYSTEM32\dhcpcsvc6.DLL
0x00007ff9146a0000 - 0x00007ff9146bd000 	C:\WINDOWS\SYSTEM32\dhcpcsvc.DLL
0x00007ff91f6a0000 - 0x00007ff91f76b000 	C:\WINDOWS\SYSTEM32\DNSAPI.dll
0x00007ff916990000 - 0x00007ff9169a3000 	C:\Program Files\Java\jdk1.8.0_301\jre\bin\nio.dll
0x00000000637c0000 - 0x00000000637cd000 	C:\Users\Bobby Williams\AppData\Local\Temp\jogamp_0000\file_cache\jln7635510981596331143\jln2838163588100968336\natives\windows-amd64\gluegen-rt.dll
0x00007ff916960000 - 0x00007ff916967000 	C:\Program Files\Java\jdk1.8.0_301\jre\bin\jawt.dll
0x000000006a440000 - 0x000000006a44d000 	C:\Users\Bobby Williams\AppData\Local\Temp\jogamp_0000\file_cache\jln7635510981596331143\jln2838163588100968336\natives\windows-amd64\nativewindow_awt.dll
0x000000006c100000 - 0x000000006c10f000 	C:\Users\Bobby Williams\AppData\Local\Temp\jogamp_0000\file_cache\jln7635510981596331143\jln2838163588100968336\natives\windows-amd64\nativewindow_win32.dll
0x0000000064500000 - 0x00000000645b1000 	C:\Users\Bobby Williams\AppData\Local\Temp\jogamp_0000\file_cache\jln7635510981596331143\jln2838163588100968336\natives\windows-amd64\jogl_desktop.dll
0x00007ff8dcfd0000 - 0x00007ff8dd30e000 	C:\Users\Bobby Williams\AppData\Local\Programs\MiKTeX\miktex\bin\x64\libGLESv2.dll
0x00007ff916f60000 - 0x00007ff916f6c000 	C:\WINDOWS\SYSTEM32\VCRUNTIME140_1.dll
0x00007ff909b50000 - 0x00007ff909d1e000 	C:\WINDOWS\SYSTEM32\d3d9.dll
0x0000000064340000 - 0x00000000643a2000 	C:\Users\Bobby Williams\AppData\Local\Temp\jogamp_0000\file_cache\jln7635510981596331143\jln2838163588100968336\natives\windows-amd64\jogl_mobile.dll
0x00007ff9215b0000 - 0x00007ff921659000 	C:\WINDOWS\System32\clbcatq.dll
0x00007ff8b57d0000 - 0x00007ff8b67f2000 	C:\WINDOWS\System32\DriverStore\FileRepository\iigd_dch_jaz.inf_amd64_00e3a91e23dede75\ig11icd64.dll
0x00007ff91eac0000 - 0x00007ff91ebb4000 	C:\WINDOWS\system32\dxgi.dll
0x00007ff8dafd0000 - 0x00007ff8db3d9000 	C:\WINDOWS\System32\DriverStore\FileRepository\iigd_dch_jaz.inf_amd64_00e3a91e23dede75\igdml64.dll
0x00007ff90f520000 - 0x00007ff90f851000 	C:\WINDOWS\System32\DriverStore\FileRepository\iigd_dch_jaz.inf_amd64_00e3a91e23dede75\igdgmm64.dll
0x00007ff90c7a0000 - 0x00007ff90f518000 	C:\WINDOWS\System32\DriverStore\FileRepository\iigd_dch_jaz.inf_amd64_00e3a91e23dede75\igc64.dll
0x00007ff91f780000 - 0x00007ff91f7cb000 	C:\WINDOWS\SYSTEM32\powrprof.dll
0x00007ff91f620000 - 0x00007ff91f632000 	C:\WINDOWS\SYSTEM32\UMPDC.dll
0x00007ff8fa0d0000 - 0x00007ff8fa119000 	C:\Program Files\Java\jdk1.8.0_301\jre\bin\fontmanager.dll
0x00007ff8fa080000 - 0x00007ff8fa0c3000 	C:\Program Files\Java\jdk1.8.0_301\jre\bin\t2k.dll
0x00007ff908ee0000 - 0x00007ff908fd9000 	C:\WINDOWS\SYSTEM32\textinputframework.dll
0x00007ff919740000 - 0x00007ff919832000 	C:\WINDOWS\System32\CoreMessaging.dll
0x00007ff919060000 - 0x00007ff9193be000 	C:\WINDOWS\System32\CoreUIComponents.dll
0x00007ff91eec0000 - 0x00007ff91eef3000 	C:\WINDOWS\SYSTEM32\ntmarta.dll
0x00007ff917830000 - 0x00007ff917984000 	C:\WINDOWS\SYSTEM32\wintypes.dll
0x00007ff9079c0000 - 0x00007ff907a26000 	C:\WINDOWS\system32\Oleacc.dll
0x00007ff91e780000 - 0x00007ff91e964000 	C:\WINDOWS\SYSTEM32\dbghelp.dll

VM Arguments:
jvm_args: -javaagent:C:\Program Files\JetBrains\IntelliJ IDEA 2021.2.3\lib\idea_rt.jar=54131:C:\Program Files\JetBrains\IntelliJ IDEA 2021.2.3\bin -Dfile.encoding=UTF-8 
java_command: Museum
java_class_path (initial): C:\Program Files\Java\jdk1.8.0_301\jre\lib\charsets.jar;C:\Program Files\Java\jdk1.8.0_301\jre\lib\deploy.jar;C:\Program Files\Java\jdk1.8.0_301\jre\lib\ext\access-bridge-64.jar;C:\Program Files\Java\jdk1.8.0_301\jre\lib\ext\cldrdata.jar;C:\Program Files\Java\jdk1.8.0_301\jre\lib\ext\dnsns.jar;C:\Program Files\Java\jdk1.8.0_301\jre\lib\ext\jaccess.jar;C:\Program Files\Java\jdk1.8.0_301\jre\lib\ext\jfxrt.jar;C:\Program Files\Java\jdk1.8.0_301\jre\lib\ext\localedata.jar;C:\Program Files\Java\jdk1.8.0_301\jre\lib\ext\nashorn.jar;C:\Program Files\Java\jdk1.8.0_301\jre\lib\ext\sunec.jar;C:\Program Files\Java\jdk1.8.0_301\jre\lib\ext\sunjce_provider.jar;C:\Program Files\Java\jdk1.8.0_301\jre\lib\ext\sunmscapi.jar;C:\Program Files\Java\jdk1.8.0_301\jre\lib\ext\sunpkcs11.jar;C:\Program Files\Java\jdk1.8.0_301\jre\lib\ext\zipfs.jar;C:\Program Files\Java\jdk1.8.0_301\jre\lib\javaws.jar;C:\Program Files\Java\jdk1.8.0_301\jre\lib\jce.jar;C:\Program Files\Java\jdk1.8.0_301\jre\lib\jfr.jar;C:\Program Files\Java\jdk1.8.0_301\jre\lib\jfxswt.jar;C:\Program Files\Java\jdk1.8.0_301\jre\lib\jsse.jar;C:\Program Files\Java\jdk1.8.0_301\jre\lib\management-agent.jar;C:\Program Files\Java\jdk1.8.0_301\jre\lib\plugin.jar;C:\Program Files\Java\jdk1.8.0_301\jre\lib\resources.jar;C:\Program Files\Java\jdk1.8.0_301\jre\lib\rt.jar;C:\Users\Bobby Williams\Documents\Github Repos\com3503-assignment\out\production\7_2_scene_graph;C:\jogl232\jar\joal.jar;C:\jogl232\jar\jocl.jar;C:\jogl232\jar\gluegen.jar;C:\jogl232\jar\jogl-all.jar;C:\jogl232\jar\joal-test.jar;C:\jogl232\jar\jocl-test.jar;C:\jogl232\jar\jogl-test.jar;C:\jogl232\jar\gluegen-rt.jar;C:\jogl232\jar\joal-android.jar;C:\jogl232\jar\jocl-android.jar;C:\jogl232\jar\jogl-all-noawt.jar;C:\jogl232\jar\jogl-all-mobile.jar;C:\jogl232\jar\jogl-all-android.jar;C:\jogl232\jar\gluegen-test-util.jar;C:\jogl232\jar\joal-test-android.jar;C:\jogl232\jar\jocl-test-android.jar;C:\jogl232\jar\jogl-test-android.jar;C:\jogl232\jar\
Launcher Type: SUN_STANDARD

Environment Variables:
CLASSPATH=.;c:\jogl232\jar\jogl-all.jar;c:\jogl232\jar\gluegen-rt.jar
PATH=C:\Program Files (x86)\Common Files\Oracle\Java\javapath;C:\WINDOWS\system32;C:\WINDOWS;C:\WINDOWS\System32\Wbem;C:\WINDOWS\System32\WindowsPowerShell\v1.0\;C:\WINDOWS\System32\OpenSSH\;C:\Program Files\Git\cmd;C:\Program Files (x86)\GitExtensions\;C:\Strawberry\c\bin;C:\Strawberry\perl\site\bin;C:\Strawberry\perl\bin;C:\Users\Bobby Williams\AppData\Local\Microsoft\WindowsApps;c:\jogl232\lib;C:\Program Files\Java\jdk1.8.0_301\bin;C:\Users\Bobby Williams\AppData\Local\Programs\MiKTeX\miktex\bin\x64\;C:\Users\Bobby Williams\AppData\Local\Programs\Microsoft VS Code\bin
USERNAME=Bobby Williams
OS=Windows_NT
PROCESSOR_IDENTIFIER=Intel64 Family 6 Model 126 Stepping 5, GenuineIntel



---------------  S Y S T E M  ---------------

OS: Windows 10.0 , 64 bit Build 19041 (10.0.19041.1348)

CPU:total 8 (initial active 8) (4 cores per cpu, 2 threads per core) family 6 model 126 stepping 5, cmov, cx8, fxsr, mmx, sse, sse2, sse3, ssse3, sse4.1, sse4.2, popcnt, avx, avx2, aes, clmul, erms, 3dnowpref, lzcnt, ht, tsc, tscinvbit, bmi1, bmi2, adx

Memory: 4k page, physical 33129664k(20491424k free), swap 38110400k(24355492k free)

vm_info: Java HotSpot(TM) 64-Bit Server VM (25.301-b09) for windows-amd64 JRE (1.8.0_301-b09), built on Jun  9 2021 06:46:21 by "java_re" with MS VC++ 15.9 (VS2017)

time: Sat Nov 20 16:20:11 2021
timezone: GMT Standard Time
elapsed time: 5.578314 seconds (0d 0h 0m 5s)

