#
# A fatal error has been detected by the Java Runtime Environment:
#
#  EXCEPTION_ACCESS_VIOLATION (0xc0000005) at pc=0x00007ffee7e9c6d9, pid=12952, tid=0x0000000000000728
#
# JRE version: Java(TM) SE Runtime Environment (8.0_301-b09) (build 1.8.0_301-b09)
# Java VM: Java HotSpot(TM) 64-Bit Server VM (25.301-b09 mixed mode windows-amd64 compressed oops)
# Problematic frame:
# C  [ig11icd64.dll+0x56c6d9]
#
# Failed to write core dump. Minidumps are not enabled by default on client versions of Windows
#
# If you would like to submit a bug report, please visit:
#   http://bugreport.java.com/bugreport/crash.jsp
#

---------------  T H R E A D  ---------------

Current thread (0x0000019af0782000):  VMThread [stack: 0x00000091f0900000,0x00000091f0a00000] [id=1832]

siginfo: ExceptionCode=0xc0000005, reading address 0x00000000000352f8

Registers:
RAX=0x0000019af5f9e690, RBX=0x0000019af5f9e530, RCX=0x0000000000000000, RDX=0x0000019af5f9e610
RSP=0x00000091f09fe6e0, RBP=0x0000019af5f9ad90, RSI=0x0000019af5f9ea58, RDI=0x0000019af5daf580
R8 =0x0000000000000014, R9 =0x0000000000000000, R10=0x0000000000000000, R11=0x0000000000000246
R12=0x0000000000000000, R13=0x0000000000000000, R14=0x0000000000000000, R15=0x0000000000000000
RIP=0x00007ffee7e9c6d9, EFLAGS=0x0000000000010206

Top of Stack: (sp=0x00000091f09fe6e0)
0x00000091f09fe6e0:   0000019af5360420 00000091f09fe720
0x00000091f09fe6f0:   00000091f09fe728 0000005400000000
0x00000091f09fe700:   00007ffee88885e0 0000000000000032
0x00000091f09fe710:   0000019af6053350 0000000000000098
0x00000091f09fe720:   0000000000000000 00007ffee7e7dbc2
0x00000091f09fe730:   0000019af5360420 0000019af5daf580
0x00000091f09fe740:   00000091f09fe830 0000000000000000
0x00000091f09fe750:   0000000000000698 0000000000000000
0x00000091f09fe760:   0000000000000000 0000000000000000
0x00000091f09fe770:   0000000000000000 0000000000000000
0x00000091f09fe780:   0000000000000000 0000000000000000
0x00000091f09fe790:   0000000000000000 0000000000000000
0x00000091f09fe7a0:   0000000000000000 0000000000000000
0x00000091f09fe7b0:   0000000000000000 000000005008c991
0x00000091f09fe7c0:   0000000000020000 0000009102000002
0x00000091f09fe7d0:   0000b802003e0000 0000000000000698 

Instructions: (pc=0x00007ffee7e9c6d9)
0x00007ffee7e9c6b9:   1d 8b c1 83 e0 0f 48 c1 e0 06 48 03 c2 48 85 c0
0x00007ffee7e9c6c9:   74 0c 48 8b 48 08 eb 08 48 83 c0 08 eb ef 33 c9
0x00007ffee7e9c6d9:   49 3b 8e f8 52 03 00 76 6b 48 8b 87 80 02 00 00
0x00007ffee7e9c6e9:   48 89 06 48 89 9f 80 02 00 00 ff 87 88 02 00 00 


Register to memory mapping:

RAX=0x0000019af5f9e690 is an unknown value
RBX=0x0000019af5f9e530 is an unknown value
RCX=0x0000000000000000 is an unknown value
RDX=0x0000019af5f9e610 is an unknown value
RSP=0x00000091f09fe6e0 is an unknown value
RBP=0x0000019af5f9ad90 is an unknown value
RSI=0x0000019af5f9ea58 is an unknown value
RDI=0x0000019af5daf580 is an unknown value
R8 =0x0000000000000014 is an unknown value
R9 =0x0000000000000000 is an unknown value
R10=0x0000000000000000 is an unknown value
R11=0x0000000000000246 is an unknown value
R12=0x0000000000000000 is an unknown value
R13=0x0000000000000000 is an unknown value
R14=0x0000000000000000 is an unknown value
R15=0x0000000000000000 is an unknown value


Stack: [0x00000091f0900000,0x00000091f0a00000],  sp=0x00000091f09fe6e0,  free space=1017k
Native frames: (J=compiled Java code, j=interpreted, Vv=VM code, C=native code)
C  [ig11icd64.dll+0x56c6d9]
C  [ig11icd64.dll+0x54dbc2]
C  [ig11icd64.dll+0x645291]
C  [ig11icd64.dll+0x5aabb0]
C  [ig11icd64.dll+0x641e22]
C  [ig11icd64.dll+0x641fbd]
C  [ig11icd64.dll+0x5492a9]
C  [ig11icd64.dll+0x549129]
C  [ig11icd64.dll+0x4fe1bb]
C  [ntdll.dll+0x19a1d]
C  [ntdll.dll+0x5db91]
C  [ntdll.dll+0x5da2d]
C  [KERNEL32.DLL+0x1e0ab]
C  [ucrtbase.dll+0x205bc]
C  [ucrtbase.dll+0x2045f]
V  [jvm.dll+0x20a8f5]
V  [jvm.dll+0x2455f6]
V  [jvm.dll+0x245b57]
V  [jvm.dll+0x2442c5]
V  [jvm.dll+0x244a3c]
V  [jvm.dll+0x244d4c]
V  [jvm.dll+0x2923dc]
C  [ucrtbase.dll+0x21bb2]
C  [KERNEL32.DLL+0x17034]
C  [ntdll.dll+0x52651]

VM_Operation (0x00000091f20fef10): Exit, mode: safepoint, requested by thread 0x0000019afd899800


---------------  P R O C E S S  ---------------

Java Threads: ( => current thread )
  0x0000019afd899800 JavaThread "SIGINT handler" daemon [_thread_blocked, id=7056, stack(0x00000091f2000000,0x00000091f2100000)]
  0x0000019acc827000 JavaThread "DestroyJavaVM" [_thread_blocked, id=15880, stack(0x00000091f0000000,0x00000091f0100000)]
  0x0000019af5be9000 JavaThread "main-FPSAWTAnimator#00-Timer0" [_thread_blocked, id=96, stack(0x00000091f1e00000,0x00000091f1f00000)]
  0x0000019af300a000 JavaThread "AWT-EventQueue-0" [_thread_blocked, id=12620, stack(0x00000091f1800000,0x00000091f1900000)]
  0x0000019af2f7c000 JavaThread "AWT-Shutdown" [_thread_blocked, id=13072, stack(0x00000091f1600000,0x00000091f1700000)]
  0x0000019af2f26800 JavaThread "Java2D Disposer" daemon [_thread_blocked, id=12864, stack(0x00000091f1500000,0x00000091f1600000)]
  0x0000019af2c15800 JavaThread "Service Thread" daemon [_thread_blocked, id=16484, stack(0x00000091f1300000,0x00000091f1400000)]
  0x0000019af2b76000 JavaThread "C1 CompilerThread3" daemon [_thread_blocked, id=9192, stack(0x00000091f1200000,0x00000091f1300000)]
  0x0000019af2b72800 JavaThread "C2 CompilerThread2" daemon [_thread_blocked, id=14456, stack(0x00000091f1100000,0x00000091f1200000)]
  0x0000019af2b72000 JavaThread "C2 CompilerThread1" daemon [_thread_blocked, id=15384, stack(0x00000091f1000000,0x00000091f1100000)]
  0x0000019af2b6e000 JavaThread "C2 CompilerThread0" daemon [_thread_blocked, id=13152, stack(0x00000091f0f00000,0x00000091f1000000)]
  0x0000019af2b6c800 JavaThread "Monitor Ctrl-Break" daemon [_thread_in_native, id=3788, stack(0x00000091f0e00000,0x00000091f0f00000)]
  0x0000019af07d9800 JavaThread "Attach Listener" daemon [_thread_blocked, id=1932, stack(0x00000091f0d00000,0x00000091f0e00000)]
  0x0000019af07d8800 JavaThread "Signal Dispatcher" daemon [_thread_blocked, id=12816, stack(0x00000091f0c00000,0x00000091f0d00000)]
  0x0000019af07b3800 JavaThread "Finalizer" daemon [_thread_blocked, id=12100, stack(0x00000091f0b00000,0x00000091f0c00000)]
  0x0000019af07ac000 JavaThread "Reference Handler" daemon [_thread_blocked, id=18164, stack(0x00000091f0a00000,0x00000091f0b00000)]

Other Threads:
=>0x0000019af0782000 VMThread [stack: 0x00000091f0900000,0x00000091f0a00000] [id=1832]

VM state:at safepoint (shutting down)

VM Mutex/Monitor currently owned by a thread:  ([mutex/lock_event])
[0x0000019acc8233c0] Threads_lock - owner thread: 0x0000019af0782000

heap address: 0x00000005c6600000, size: 8090 MB, Compressed Oops mode: Zero based, Oop shift amount: 3
Narrow klass base: 0x0000000000000000, Narrow klass shift: 3
Compressed class space size: 1073741824 Address: 0x00000007c0000000

Heap:
 PSYoungGen      total 151040K, used 149053K [0x0000000717780000, 0x0000000729e80000, 0x00000007c0000000)
  eden space 129536K, 98% used [0x0000000717780000,0x000000071f414730,0x000000071f600000)
  from space 21504K, 99% used [0x000000071f600000,0x0000000720afb020,0x0000000720b00000)
  to   space 21504K, 0% used [0x0000000728980000,0x0000000728980000,0x0000000729e80000)
 ParOldGen       total 345600K, used 45216K [0x00000005c6600000, 0x00000005db780000, 0x0000000717780000)
  object space 345600K, 13% used [0x00000005c6600000,0x00000005c92282c0,0x00000005db780000)
 Metaspace       used 16980K, capacity 17180K, committed 17536K, reserved 1064960K
  class space    used 1780K, capacity 1853K, committed 1920K, reserved 1048576K

Card table byte_map: [0x0000019add5b0000,0x0000019ade580000] byte_map_base: 0x0000019ada77d000

Marking Bits: (ParMarkBitMap*) 0x000000005aee7fe0
 Begin Bits: [0x0000019adf010000, 0x0000019ae6e78000)
 End Bits:   [0x0000019ae6e78000, 0x0000019aeece0000)

Polling page: 0x0000019acc9a0000

CodeCache: size=245760Kb used=4072Kb max_used=4081Kb free=241687Kb
 bounds [0x0000019ace1f0000, 0x0000019ace600000, 0x0000019add1f0000]
 total_blobs=1769 nmethods=940 adapters=742
 compilation: enabled

Compilation events (10 events):
Event: 2.037 Thread 0x0000019af2b76000  936       3       jogamp.opengl.util.jpeg.JPEGDecoder$Output::quantizeAndInverse (1516 bytes)
Event: 2.038 Thread 0x0000019af2b76000 nmethod 936 0x0000019ace5e8850 code [0x0000019ace5e8a60, 0x0000019ace5e9d18]
Event: 2.038 Thread 0x0000019af2b72800  937       4       jogamp.opengl.util.jpeg.JPEGDecoder$Output::quantizeAndInverse (1516 bytes)
Event: 2.053 Thread 0x0000019af2b72800 nmethod 937 0x0000019ace5e6d10 code [0x0000019ace5e6e60, 0x0000019ace5e83f8]
Event: 2.161 Thread 0x0000019af2b76000  938       3       java.util.jar.Attributes$Name::equals (39 bytes)
Event: 2.161 Thread 0x0000019af2b76000 nmethod 938 0x0000019ace5e6590 code [0x0000019ace5e6720, 0x0000019ace5e6bd0]
Event: 2.161 Thread 0x0000019af2b76000  939       3       sun.misc.ASCIICaseInsensitiveComparator::compare (13 bytes)
Event: 2.161 Thread 0x0000019af2b76000 nmethod 939 0x0000019ace5e3b10 code [0x0000019ace5e3c80, 0x0000019ace5e3ff0]
Event: 2.173 Thread 0x0000019af2b6e000  940  s    4       jogamp.opengl.util.jpeg.JPEGDecoder::getPixel (1523 bytes)
Event: 2.193 Thread 0x0000019af2b6e000 nmethod 940 0x0000019ace5ef450 code [0x0000019ace5ef6e0, 0x0000019ace5f0fc0]

GC Heap History (2 events):
Event: 1.643 GC heap before
{Heap before GC invocations=1 (full 0):
 PSYoungGen      total 151040K, used 129536K [0x0000000717780000, 0x0000000722000000, 0x00000007c0000000)
  eden space 129536K, 100% used [0x0000000717780000,0x000000071f600000,0x000000071f600000)
  from space 21504K, 0% used [0x0000000720b00000,0x0000000720b00000,0x0000000722000000)
  to   space 21504K, 0% used [0x000000071f600000,0x000000071f600000,0x0000000720b00000)
 ParOldGen       total 345600K, used 0K [0x00000005c6600000, 0x00000005db780000, 0x0000000717780000)
  object space 345600K, 0% used [0x00000005c6600000,0x00000005c6600000,0x00000005db780000)
 Metaspace       used 16915K, capacity 17052K, committed 17280K, reserved 1064960K
  class space    used 1777K, capacity 1853K, committed 1920K, reserved 1048576K
Event: 1.665 GC heap after
Heap after GC invocations=1 (full 0):
 PSYoungGen      total 151040K, used 21484K [0x0000000717780000, 0x0000000729e80000, 0x00000007c0000000)
  eden space 129536K, 0% used [0x0000000717780000,0x0000000717780000,0x000000071f600000)
  from space 21504K, 99% used [0x000000071f600000,0x0000000720afb020,0x0000000720b00000)
  to   space 21504K, 0% used [0x0000000728980000,0x0000000728980000,0x0000000729e80000)
 ParOldGen       total 345600K, used 45216K [0x00000005c6600000, 0x00000005db780000, 0x0000000717780000)
  object space 345600K, 13% used [0x00000005c6600000,0x00000005c92282c0,0x00000005db780000)
 Metaspace       used 16915K, capacity 17052K, committed 17280K, reserved 1064960K
  class space    used 1777K, capacity 1853K, committed 1920K, reserved 1048576K
}

Deoptimization events (8 events):
Event: 0.330 Thread 0x0000019acc827000 Uncommon trap: reason=unstable_if action=reinterpret pc=0x0000019ace3bf964 method=java.lang.String.indexOf([CII[CIII)I @ 3
Event: 1.716 Thread 0x0000019af300a000 Uncommon trap: reason=unstable_if action=reinterpret pc=0x0000019ace5ca0e0 method=jogamp.opengl.util.jpeg.JPEGDecoder$Decoder.decodeScan(Ljogamp/opengl/util/jpeg/JPEGDecoder$Frame;Ljava/util/ArrayList;IIIII)I @ 339
Event: 1.730 Thread 0x0000019af300a000 Uncommon trap: reason=class_check action=maybe_recompile pc=0x0000019ace5b4480 method=jogamp.opengl.util.jpeg.JPEGDecoder$Decoder.decodeBlock(Ljogamp/opengl/util/jpeg/JPEGDecoder$ComponentIn;Ljogamp/opengl/util/jpeg/JPEGDecoder$DecoderFunction;I)V @ 28
Event: 1.730 Thread 0x0000019af300a000 Uncommon trap: reason=class_check action=maybe_recompile pc=0x0000019ace5b4480 method=jogamp.opengl.util.jpeg.JPEGDecoder$Decoder.decodeBlock(Ljogamp/opengl/util/jpeg/JPEGDecoder$ComponentIn;Ljogamp/opengl/util/jpeg/JPEGDecoder$DecoderFunction;I)V @ 28
Event: 1.730 Thread 0x0000019af300a000 Uncommon trap: reason=class_check action=maybe_recompile pc=0x0000019ace5b4480 method=jogamp.opengl.util.jpeg.JPEGDecoder$Decoder.decodeBlock(Ljogamp/opengl/util/jpeg/JPEGDecoder$ComponentIn;Ljogamp/opengl/util/jpeg/JPEGDecoder$DecoderFunction;I)V @ 28
Event: 1.730 Thread 0x0000019af300a000 Uncommon trap: reason=class_check action=maybe_recompile pc=0x0000019ace5b4480 method=jogamp.opengl.util.jpeg.JPEGDecoder$Decoder.decodeBlock(Ljogamp/opengl/util/jpeg/JPEGDecoder$ComponentIn;Ljogamp/opengl/util/jpeg/JPEGDecoder$DecoderFunction;I)V @ 28
Event: 1.974 Thread 0x0000019af300a000 Uncommon trap: reason=unstable_if action=reinterpret pc=0x0000019ace5dc674 method=jogamp.opengl.util.jpeg.JPEGDecoder$Output.quantizeAndInverse([I[B[I[I)V @ 1484
Event: 2.037 Thread 0x0000019af300a000 Uncommon trap: reason=unstable_if action=reinterpret pc=0x0000019ace5ec06c method=jogamp.opengl.util.jpeg.JPEGDecoder$Output.quantizeAndInverse([I[B[I[I)V @ 1496

Classes redefined (0 events):
No events

Internal exceptions (10 events):
Event: 0.183 Thread 0x0000019acc827000 Exception <a 'java/security/PrivilegedActionException'> (0x0000000717ff92e0) thrown at [C:\jenkins\workspace\8-2-build-windows-amd64-cygwin\jdk8u301\1513\hotspot\src\share\vm\prims\jvm.cpp, line 1523]
Event: 0.183 Thread 0x0000019acc827000 Exception <a 'java/security/PrivilegedActionException'> (0x0000000717ff94f0) thrown at [C:\jenkins\workspace\8-2-build-windows-amd64-cygwin\jdk8u301\1513\hotspot\src\share\vm\prims\jvm.cpp, line 1523]
Event: 0.183 Thread 0x0000019acc827000 Exception <a 'java/security/PrivilegedActionException'> (0x0000000717ffd400) thrown at [C:\jenkins\workspace\8-2-build-windows-amd64-cygwin\jdk8u301\1513\hotspot\src\share\vm\prims\jvm.cpp, line 1523]
Event: 0.183 Thread 0x0000019acc827000 Exception <a 'java/security/PrivilegedActionException'> (0x0000000717ffd610) thrown at [C:\jenkins\workspace\8-2-build-windows-amd64-cygwin\jdk8u301\1513\hotspot\src\share\vm\prims\jvm.cpp, line 1523]
Event: 0.189 Thread 0x0000019acc827000 Exception <a 'java/io/FileNotFoundException'> (0x000000071801b9f8) thrown at [C:\jenkins\workspace\8-2-build-windows-amd64-cygwin\jdk8u301\1513\hotspot\src\share\vm\prims\jni.cpp, line 710]
Event: 0.213 Thread 0x0000019acc827000 Exception <a 'java/lang/NoSuchFieldError': method resolution failed> (0x000000071814b688) thrown at [C:\jenkins\workspace\8-2-build-windows-amd64-cygwin\jdk8u301\1513\hotspot\src\share\vm\prims\methodHandles.cpp, line 1169]
Event: 0.215 Thread 0x0000019acc827000 Exception <a 'java/lang/NoSuchFieldError': method resolution failed> (0x0000000718159500) thrown at [C:\jenkins\workspace\8-2-build-windows-amd64-cygwin\jdk8u301\1513\hotspot\src\share\vm\prims\methodHandles.cpp, line 1169]
Event: 0.246 Thread 0x0000019acc827000 Exception <a 'java/io/FileNotFoundException'> (0x00000007182d9ad8) thrown at [C:\jenkins\workspace\8-2-build-windows-amd64-cygwin\jdk8u301\1513\hotspot\src\share\vm\prims\jni.cpp, line 710]
Event: 0.514 Thread 0x0000019acc827000 Exception <a 'java/io/FileNotFoundException'> (0x0000000718a46168) thrown at [C:\jenkins\workspace\8-2-build-windows-amd64-cygwin\jdk8u301\1513\hotspot\src\share\vm\prims\jni.cpp, line 710]
Event: 1.418 Thread 0x0000019acc827000 Exception <a 'java/lang/reflect/InvocationTargetException'> (0x000000071b34a9a8) thrown at [C:\jenkins\workspace\8-2-build-windows-amd64-cygwin\jdk8u301\1513\hotspot\src\share\vm\runtime\reflection.cpp, line 1092]

Events (10 events):
Event: 2.161 loading class jogamp/opengl/egl/EGLDisplayUtil
Event: 2.161 loading class jogamp/opengl/egl/EGLDisplayUtil done
Event: 2.162 loading class com/jogamp/nativewindow/egl/EGLGraphicsDevice$EGLDisplayLifecycleCallback
Event: 2.162 loading class com/jogamp/nativewindow/egl/EGLGraphicsDevice$EGLDisplayLifecycleCallback done
Event: 2.162 loading class jogamp/opengl/egl/EGLDisplayUtil$1
Event: 2.162 loading class jogamp/opengl/egl/EGLDisplayUtil$1 done
Event: 2.163 Thread 0x0000019afd89a800 Thread exited: 0x0000019afd89a800
Event: 2.167 Thread 0x0000019af2f7f800 Thread exited: 0x0000019af2f7f800
Event: 2.254 Thread 0x0000019afd89b000 Thread exited: 0x0000019afd89b000
Event: 2.254 Executing VM operation: Exit


Dynamic libraries:
0x00007ff6ad100000 - 0x00007ff6ad147000 	C:\Program Files\Java\jdk1.8.0_301\bin\java.exe
0x00007fff42d90000 - 0x00007fff42f85000 	C:\WINDOWS\SYSTEM32\ntdll.dll
0x00007fff42670000 - 0x00007fff4272e000 	C:\WINDOWS\System32\KERNEL32.DLL
0x00007fff40950000 - 0x00007fff40c18000 	C:\WINDOWS\System32\KERNELBASE.dll
0x00007fff40de0000 - 0x00007fff40e8c000 	C:\WINDOWS\System32\ADVAPI32.dll
0x00007fff42260000 - 0x00007fff422fe000 	C:\WINDOWS\System32\msvcrt.dll
0x00007fff41fa0000 - 0x00007fff4203b000 	C:\WINDOWS\System32\sechost.dll
0x00007fff42110000 - 0x00007fff4223a000 	C:\WINDOWS\System32\RPCRT4.dll
0x00007fff41d60000 - 0x00007fff41f01000 	C:\WINDOWS\System32\USER32.dll
0x00007fff40d20000 - 0x00007fff40d42000 	C:\WINDOWS\System32\win32u.dll
0x00007fff423b0000 - 0x00007fff423db000 	C:\WINDOWS\System32\GDI32.dll
0x00007fff404b0000 - 0x00007fff405bb000 	C:\WINDOWS\System32\gdi32full.dll
0x00007fff40850000 - 0x00007fff408ed000 	C:\WINDOWS\System32\msvcp_win.dll
0x00007fff40c20000 - 0x00007fff40d20000 	C:\WINDOWS\System32\ucrtbase.dll
0x00007fff3f8b0000 - 0x00007fff3fb4a000 	C:\WINDOWS\WinSxS\amd64_microsoft.windows.common-controls_6595b64144ccf1df_6.0.19041.1110_none_60b5254171f9507e\COMCTL32.dll
0x00007fff42840000 - 0x00007fff42870000 	C:\WINDOWS\System32\IMM32.DLL
0x00007fff3a820000 - 0x00007fff3a835000 	C:\Program Files\Java\jdk1.8.0_301\jre\bin\vcruntime140.dll
0x00007fff1aa20000 - 0x00007fff1aabb000 	C:\Program Files\Java\jdk1.8.0_301\jre\bin\msvcp140.dll
0x000000005a700000 - 0x000000005af60000 	C:\Program Files\Java\jdk1.8.0_301\jre\bin\server\jvm.dll
0x00007fff42250000 - 0x00007fff42258000 	C:\WINDOWS\System32\PSAPI.DLL
0x00007fff3df10000 - 0x00007fff3df1a000 	C:\WINDOWS\SYSTEM32\VERSION.dll
0x00007fff2aec0000 - 0x00007fff2aee7000 	C:\WINDOWS\SYSTEM32\WINMM.dll
0x00007fff3c8e0000 - 0x00007fff3c8e9000 	C:\WINDOWS\SYSTEM32\WSOCK32.dll
0x00007fff420a0000 - 0x00007fff4210b000 	C:\WINDOWS\System32\WS2_32.dll
0x00007fff3def0000 - 0x00007fff3df02000 	C:\WINDOWS\SYSTEM32\kernel.appcore.dll
0x00007fff3e3b0000 - 0x00007fff3e3c0000 	C:\Program Files\Java\jdk1.8.0_301\jre\bin\verify.dll
0x00007fff21670000 - 0x00007fff2169b000 	C:\Program Files\Java\jdk1.8.0_301\jre\bin\java.dll
0x00007fff1bcc0000 - 0x00007fff1bcf0000 	C:\Program Files\Java\jdk1.8.0_301\jre\bin\instrument.dll
0x00007fff3a800000 - 0x00007fff3a818000 	C:\Program Files\Java\jdk1.8.0_301\jre\bin\zip.dll
0x00007fff41210000 - 0x00007fff4194f000 	C:\WINDOWS\System32\SHELL32.dll
0x00007fff3cec0000 - 0x00007fff3d650000 	C:\WINDOWS\SYSTEM32\windows.storage.dll
0x00007fff40e90000 - 0x00007fff411e5000 	C:\WINDOWS\System32\combase.dll
0x00007fff3f810000 - 0x00007fff3f83e000 	C:\WINDOWS\SYSTEM32\Wldp.dll
0x00007fff42790000 - 0x00007fff4283d000 	C:\WINDOWS\System32\SHCORE.dll
0x00007fff42040000 - 0x00007fff42095000 	C:\WINDOWS\System32\shlwapi.dll
0x00007fff403f0000 - 0x00007fff4040f000 	C:\WINDOWS\SYSTEM32\profapi.dll
0x00007fff1c290000 - 0x00007fff1c2aa000 	C:\Program Files\JetBrains\IntelliJ IDEA 2021.2.3\bin\breakgen64.dll
0x00007fff21410000 - 0x00007fff2142c000 	C:\Program Files\Java\jdk1.8.0_301\jre\bin\net.dll
0x00007fff3f730000 - 0x00007fff3f79a000 	C:\WINDOWS\system32\mswsock.dll
0x00007fff14130000 - 0x00007fff142c5000 	C:\Program Files\Java\jdk1.8.0_301\jre\bin\awt.dll
0x00007fff41950000 - 0x00007fff41a1d000 	C:\WINDOWS\System32\OLEAUT32.dll
0x00007fff3cb70000 - 0x00007fff3cc00000 	C:\WINDOWS\SYSTEM32\apphelp.dll
0x00007fff3d820000 - 0x00007fff3d84f000 	C:\WINDOWS\system32\DWMAPI.DLL
0x00007fff3d6e0000 - 0x00007fff3d77e000 	C:\WINDOWS\system32\uxtheme.dll
0x00007fff11670000 - 0x00007fff11795000 	C:\WINDOWS\system32\opengl32.dll
0x00007fff11640000 - 0x00007fff1166c000 	C:\WINDOWS\SYSTEM32\GLU32.dll
0x00007fff41b10000 - 0x00007fff41c25000 	C:\WINDOWS\System32\MSCTF.dll
0x00007fff41c30000 - 0x00007fff41d5a000 	C:\WINDOWS\System32\ole32.dll
0x00007fff40d50000 - 0x00007fff40dd3000 	C:\WINDOWS\System32\bcryptPrimitives.dll
0x00007fff40230000 - 0x00007fff40248000 	C:\WINDOWS\SYSTEM32\CRYPTSP.dll
0x00007fff3eee0000 - 0x00007fff3ef14000 	C:\WINDOWS\system32\rsaenh.dll
0x00007fff40820000 - 0x00007fff40847000 	C:\WINDOWS\System32\bcrypt.dll
0x00007fff403b0000 - 0x00007fff403de000 	C:\WINDOWS\SYSTEM32\USERENV.dll
0x00007fff3f650000 - 0x00007fff3f65c000 	C:\WINDOWS\SYSTEM32\CRYPTBASE.dll
0x00007fff3f4a0000 - 0x00007fff3f4db000 	C:\WINDOWS\SYSTEM32\IPHLPAPI.DLL
0x00007fff41f90000 - 0x00007fff41f98000 	C:\WINDOWS\System32\NSI.dll
0x00007fff32df0000 - 0x00007fff32e07000 	C:\WINDOWS\SYSTEM32\dhcpcsvc6.DLL
0x00007fff33040000 - 0x00007fff3305d000 	C:\WINDOWS\SYSTEM32\dhcpcsvc.DLL
0x00007fff3f220000 - 0x00007fff3f2eb000 	C:\WINDOWS\SYSTEM32\DNSAPI.dll
0x00007fff1f1b0000 - 0x00007fff1f1c3000 	C:\Program Files\Java\jdk1.8.0_301\jre\bin\nio.dll
0x00000000637c0000 - 0x00000000637cd000 	C:\Users\Bobby Williams\AppData\Local\Temp\jogamp_0000\file_cache\jln6189826426584726868\jln8563666068930174285\natives\windows-amd64\gluegen-rt.dll
0x00007fff3db90000 - 0x00007fff3db97000 	C:\Program Files\Java\jdk1.8.0_301\jre\bin\jawt.dll
0x000000006a440000 - 0x000000006a44d000 	C:\Users\Bobby Williams\AppData\Local\Temp\jogamp_0000\file_cache\jln6189826426584726868\jln8563666068930174285\natives\windows-amd64\nativewindow_awt.dll
0x000000006c100000 - 0x000000006c10f000 	C:\Users\Bobby Williams\AppData\Local\Temp\jogamp_0000\file_cache\jln6189826426584726868\jln8563666068930174285\natives\windows-amd64\nativewindow_win32.dll
0x0000000064500000 - 0x00000000645b1000 	C:\Users\Bobby Williams\AppData\Local\Temp\jogamp_0000\file_cache\jln6189826426584726868\jln8563666068930174285\natives\windows-amd64\jogl_desktop.dll
0x00007fff13430000 - 0x00007fff1376e000 	C:\Users\Bobby Williams\AppData\Local\Programs\MiKTeX\miktex\bin\x64\libGLESv2.dll
0x00007fff2b810000 - 0x00007fff2b9de000 	C:\WINDOWS\SYSTEM32\d3d9.dll
0x00007fff39ab0000 - 0x00007fff39abc000 	C:\WINDOWS\SYSTEM32\VCRUNTIME140_1.dll
0x0000000064340000 - 0x00000000643a2000 	C:\Users\Bobby Williams\AppData\Local\Temp\jogamp_0000\file_cache\jln6189826426584726868\jln8563666068930174285\natives\windows-amd64\jogl_mobile.dll
0x00007fff42300000 - 0x00007fff423a9000 	C:\WINDOWS\System32\clbcatq.dll
0x00007ffee7930000 - 0x00007ffee8952000 	C:\WINDOWS\System32\DriverStore\FileRepository\iigd_dch_jaz.inf_amd64_00e3a91e23dede75\ig11icd64.dll
0x00007fff3df80000 - 0x00007fff3e074000 	C:\WINDOWS\system32\dxgi.dll
0x00007ffeed100000 - 0x00007ffeed509000 	C:\WINDOWS\System32\DriverStore\FileRepository\iigd_dch_jaz.inf_amd64_00e3a91e23dede75\igdml64.dll
0x00007fff2f080000 - 0x00007fff2f3b1000 	C:\WINDOWS\System32\DriverStore\FileRepository\iigd_dch_jaz.inf_amd64_00e3a91e23dede75\igdgmm64.dll
0x00007fff2c300000 - 0x00007fff2f078000 	C:\WINDOWS\System32\DriverStore\FileRepository\iigd_dch_jaz.inf_amd64_00e3a91e23dede75\igc64.dll
0x00007fff400c0000 - 0x00007fff4010b000 	C:\WINDOWS\SYSTEM32\powrprof.dll
0x00007fff3fb50000 - 0x00007fff3fb62000 	C:\WINDOWS\SYSTEM32\UMPDC.dll
0x00007fff1bbb0000 - 0x00007fff1bbf9000 	C:\Program Files\Java\jdk1.8.0_301\jre\bin\fontmanager.dll
0x00007fff1a9d0000 - 0x00007fff1aa13000 	C:\Program Files\Java\jdk1.8.0_301\jre\bin\t2k.dll
0x00007fff27af0000 - 0x00007fff27be9000 	C:\WINDOWS\SYSTEM32\textinputframework.dll
0x00007fff3c760000 - 0x00007fff3c852000 	C:\WINDOWS\System32\CoreMessaging.dll
0x00007fff3c400000 - 0x00007fff3c75e000 	C:\WINDOWS\System32\CoreUIComponents.dll
0x00007fff40110000 - 0x00007fff40143000 	C:\WINDOWS\SYSTEM32\ntmarta.dll
0x00007fff3bd30000 - 0x00007fff3be84000 	C:\WINDOWS\SYSTEM32\wintypes.dll
0x00007fff282c0000 - 0x00007fff28326000 	C:\WINDOWS\system32\Oleacc.dll
0x00007fff3fe50000 - 0x00007fff40034000 	C:\WINDOWS\SYSTEM32\dbghelp.dll

VM Arguments:
jvm_args: -javaagent:C:\Program Files\JetBrains\IntelliJ IDEA 2021.2.3\lib\idea_rt.jar=56819:C:\Program Files\JetBrains\IntelliJ IDEA 2021.2.3\bin -Dfile.encoding=UTF-8 
java_command: Museum
java_class_path (initial): C:\Program Files\Java\jdk1.8.0_301\jre\lib\charsets.jar;C:\Program Files\Java\jdk1.8.0_301\jre\lib\deploy.jar;C:\Program Files\Java\jdk1.8.0_301\jre\lib\ext\access-bridge-64.jar;C:\Program Files\Java\jdk1.8.0_301\jre\lib\ext\cldrdata.jar;C:\Program Files\Java\jdk1.8.0_301\jre\lib\ext\dnsns.jar;C:\Program Files\Java\jdk1.8.0_301\jre\lib\ext\jaccess.jar;C:\Program Files\Java\jdk1.8.0_301\jre\lib\ext\jfxrt.jar;C:\Program Files\Java\jdk1.8.0_301\jre\lib\ext\localedata.jar;C:\Program Files\Java\jdk1.8.0_301\jre\lib\ext\nashorn.jar;C:\Program Files\Java\jdk1.8.0_301\jre\lib\ext\sunec.jar;C:\Program Files\Java\jdk1.8.0_301\jre\lib\ext\sunjce_provider.jar;C:\Program Files\Java\jdk1.8.0_301\jre\lib\ext\sunmscapi.jar;C:\Program Files\Java\jdk1.8.0_301\jre\lib\ext\sunpkcs11.jar;C:\Program Files\Java\jdk1.8.0_301\jre\lib\ext\zipfs.jar;C:\Program Files\Java\jdk1.8.0_301\jre\lib\javaws.jar;C:\Program Files\Java\jdk1.8.0_301\jre\lib\jce.jar;C:\Program Files\Java\jdk1.8.0_301\jre\lib\jfr.jar;C:\Program Files\Java\jdk1.8.0_301\jre\lib\jfxswt.jar;C:\Program Files\Java\jdk1.8.0_301\jre\lib\jsse.jar;C:\Program Files\Java\jdk1.8.0_301\jre\lib\management-agent.jar;C:\Program Files\Java\jdk1.8.0_301\jre\lib\plugin.jar;C:\Program Files\Java\jdk1.8.0_301\jre\lib\resources.jar;C:\Program Files\Java\jdk1.8.0_301\jre\lib\rt.jar;C:\Users\Bobby Williams\Documents\Github Repos\com3503-assignment\out\production\7_2_scene_graph;C:\jogl232\jar\joal.jar;C:\jogl232\jar\jocl.jar;C:\jogl232\jar\gluegen.jar;C:\jogl232\jar\jogl-all.jar;C:\jogl232\jar\joal-test.jar;C:\jogl232\jar\jocl-test.jar;C:\jogl232\jar\jogl-test.jar;C:\jogl232\jar\gluegen-rt.jar;C:\jogl232\jar\joal-android.jar;C:\jogl232\jar\jocl-android.jar;C:\jogl232\jar\jogl-all-noawt.jar;C:\jogl232\jar\jogl-all-mobile.jar;C:\jogl232\jar\jogl-all-android.jar;C:\jogl232\jar\gluegen-test-util.jar;C:\jogl232\jar\joal-test-android.jar;C:\jogl232\jar\jocl-test-android.jar;C:\jogl232\jar\jogl-test-android.jar;C:\jogl232\jar\
Launcher Type: SUN_STANDARD

Environment Variables:
CLASSPATH=.;c:\jogl232\jar\jogl-all.jar;c:\jogl232\jar\gluegen-rt.jar
PATH=C:\Program Files (x86)\Common Files\Oracle\Java\javapath;C:\WINDOWS\system32;C:\WINDOWS;C:\WINDOWS\System32\Wbem;C:\WINDOWS\System32\WindowsPowerShell\v1.0\;C:\WINDOWS\System32\OpenSSH\;C:\Program Files\Git\cmd;C:\Program Files (x86)\GitExtensions\;C:\Strawberry\c\bin;C:\Strawberry\perl\site\bin;C:\Strawberry\perl\bin;C:\Users\Bobby Williams\AppData\Local\Microsoft\WindowsApps;c:\jogl232\lib;C:\Program Files\Java\jdk1.8.0_301\bin;C:\Users\Bobby Williams\AppData\Local\Programs\MiKTeX\miktex\bin\x64\;C:\Users\Bobby Williams\AppData\Local\Programs\Microsoft VS Code\bin
USERNAME=Bobby Williams
OS=Windows_NT
PROCESSOR_IDENTIFIER=Intel64 Family 6 Model 126 Stepping 5, GenuineIntel



---------------  S Y S T E M  ---------------

OS: Windows 10.0 , 64 bit Build 19041 (10.0.19041.1348)

CPU:total 8 (initial active 8) (4 cores per cpu, 2 threads per core) family 6 model 126 stepping 5, cmov, cx8, fxsr, mmx, sse, sse2, sse3, ssse3, sse4.1, sse4.2, popcnt, avx, avx2, aes, clmul, erms, 3dnowpref, lzcnt, ht, tsc, tscinvbit, bmi1, bmi2, adx

Memory: 4k page, physical 33129664k(19799684k free), swap 38110400k(22652332k free)

vm_info: Java HotSpot(TM) 64-Bit Server VM (25.301-b09) for windows-amd64 JRE (1.8.0_301-b09), built on Jun  9 2021 06:46:21 by "java_re" with MS VC++ 15.9 (VS2017)

time: Wed Dec  1 15:52:49 2021
timezone: GMT Standard Time
elapsed time: 2.772751 seconds (0d 0h 0m 2s)

